{"C:\\Users\\momoe\\Desktop\\DEV3 project - GROUPE 14\\Dev-Web-2024\\backend\\config\\db.js": {"path":"C:\\Users\\momoe\\Desktop\\DEV3 project - GROUPE 14\\Dev-Web-2024\\backend\\config\\db.js","statementMap":{"0":{"start":{"line":1,"column":0},"end":{"line":1,"column":27}},"1":{"start":{"line":2,"column":17},"end":{"line":2,"column":36}},"2":{"start":{"line":4,"column":18},"end":{"line":15,"column":3}},"3":{"start":{"line":5,"column":4},"end":{"line":14,"column":5}},"4":{"start":{"line":6,"column":6},"end":{"line":9,"column":9}},"5":{"start":{"line":10,"column":6},"end":{"line":10,"column":42}},"6":{"start":{"line":12,"column":6},"end":{"line":12,"column":57}},"7":{"start":{"line":13,"column":6},"end":{"line":13,"column":22}},"8":{"start":{"line":17,"column":2},"end":{"line":17,"column":29}}},"fnMap":{"0":{"name":"(anonymous_0)","decl":{"start":{"line":4,"column":18},"end":{"line":4,"column":19}},"loc":{"start":{"line":4,"column":30},"end":{"line":15,"column":3}},"line":4}},"branchMap":{},"s":{"0":1,"1":1,"2":1,"3":2,"4":2,"5":1,"6":1,"7":1,"8":1},"f":{"0":2},"b":{},"_coverageSchema":"1a1c01bbd47fc00a2c39e90264f33305004495a9","hash":"d272a82d11f58313039ab23c8ee8677415ed751d"}
,"C:\\Users\\momoe\\Desktop\\DEV3 project - GROUPE 14\\Dev-Web-2024\\backend\\controllers\\appareilController.js": {"path":"C:\\Users\\momoe\\Desktop\\DEV3 project - GROUPE 14\\Dev-Web-2024\\backend\\controllers\\appareilController.js","statementMap":{"0":{"start":{"line":1,"column":17},"end":{"line":1,"column":51}},"1":{"start":{"line":2,"column":19},"end":{"line":2,"column":55}},"2":{"start":{"line":5,"column":0},"end":{"line":26,"column":2}},"3":{"start":{"line":6,"column":2},"end":{"line":25,"column":3}},"4":{"start":{"line":7,"column":20},"end":{"line":7,"column":22}},"5":{"start":{"line":9,"column":4},"end":{"line":19,"column":5}},"6":{"start":{"line":10,"column":26},"end":{"line":10,"column":77}},"7":{"start":{"line":11,"column":29},"end":{"line":11,"column":56}},"8":{"start":{"line":11,"column":50},"end":{"line":11,"column":55}},"9":{"start":{"line":12,"column":6},"end":{"line":12,"column":79}},"10":{"start":{"line":13,"column":11},"end":{"line":19,"column":5}},"11":{"start":{"line":14,"column":25},"end":{"line":14,"column":86}},"12":{"start":{"line":15,"column":6},"end":{"line":15,"column":90}},"13":{"start":{"line":15,"column":23},"end":{"line":15,"column":90}},"14":{"start":{"line":16,"column":6},"end":{"line":16,"column":70}},"15":{"start":{"line":18,"column":6},"end":{"line":18,"column":82}},"16":{"start":{"line":21,"column":4},"end":{"line":21,"column":24}},"17":{"start":{"line":23,"column":4},"end":{"line":23,"column":58}},"18":{"start":{"line":24,"column":4},"end":{"line":24,"column":56}},"19":{"start":{"line":29,"column":0},"end":{"line":59,"column":2}},"20":{"start":{"line":30,"column":2},"end":{"line":58,"column":3}},"21":{"start":{"line":31,"column":19},"end":{"line":31,"column":29}},"22":{"start":{"line":32,"column":21},"end":{"line":32,"column":29}},"23":{"start":{"line":34,"column":24},"end":{"line":34,"column":75}},"24":{"start":{"line":35,"column":27},"end":{"line":35,"column":54}},"25":{"start":{"line":35,"column":48},"end":{"line":35,"column":53}},"26":{"start":{"line":37,"column":21},"end":{"line":41,"column":5}},"27":{"start":{"line":43,"column":4},"end":{"line":45,"column":5}},"28":{"start":{"line":44,"column":6},"end":{"line":44,"column":72}},"29":{"start":{"line":47,"column":4},"end":{"line":51,"column":7}},"30":{"start":{"line":53,"column":4},"end":{"line":53,"column":114}},"31":{"start":{"line":54,"column":4},"end":{"line":54,"column":23}},"32":{"start":{"line":56,"column":4},"end":{"line":56,"column":58}},"33":{"start":{"line":57,"column":4},"end":{"line":57,"column":96}},"34":{"start":{"line":62,"column":0},"end":{"line":84,"column":2}},"35":{"start":{"line":63,"column":2},"end":{"line":83,"column":3}},"36":{"start":{"line":64,"column":24},"end":{"line":64,"column":75}},"37":{"start":{"line":65,"column":4},"end":{"line":65,"column":109}},"38":{"start":{"line":65,"column":29},"end":{"line":65,"column":109}},"39":{"start":{"line":67,"column":25},"end":{"line":67,"column":43}},"40":{"start":{"line":69,"column":4},"end":{"line":69,"column":60}},"41":{"start":{"line":71,"column":19},"end":{"line":76,"column":5}},"42":{"start":{"line":78,"column":4},"end":{"line":78,"column":38}},"43":{"start":{"line":79,"column":4},"end":{"line":79,"column":72}},"44":{"start":{"line":81,"column":4},"end":{"line":81,"column":50}},"45":{"start":{"line":82,"column":4},"end":{"line":82,"column":88}},"46":{"start":{"line":87,"column":0},"end":{"line":108,"column":2}},"47":{"start":{"line":88,"column":2},"end":{"line":107,"column":3}},"48":{"start":{"line":89,"column":24},"end":{"line":89,"column":75}},"49":{"start":{"line":90,"column":4},"end":{"line":90,"column":97}},"50":{"start":{"line":90,"column":29},"end":{"line":90,"column":97}},"51":{"start":{"line":92,"column":25},"end":{"line":92,"column":43}},"52":{"start":{"line":94,"column":18},"end":{"line":94,"column":77}},"53":{"start":{"line":95,"column":4},"end":{"line":97,"column":5}},"54":{"start":{"line":96,"column":6},"end":{"line":96,"column":108}},"55":{"start":{"line":99,"column":31},"end":{"line":99,"column":39}},"56":{"start":{"line":100,"column":27},"end":{"line":100,"column":85}},"57":{"start":{"line":101,"column":4},"end":{"line":101,"column":32}},"58":{"start":{"line":103,"column":4},"end":{"line":103,"column":97}},"59":{"start":{"line":105,"column":4},"end":{"line":105,"column":54}},"60":{"start":{"line":106,"column":4},"end":{"line":106,"column":57}},"61":{"start":{"line":111,"column":0},"end":{"line":145,"column":2}},"62":{"start":{"line":112,"column":2},"end":{"line":144,"column":3}},"63":{"start":{"line":113,"column":19},"end":{"line":113,"column":29}},"64":{"start":{"line":114,"column":44},"end":{"line":114,"column":52}},"65":{"start":{"line":116,"column":4},"end":{"line":116,"column":67}},"66":{"start":{"line":117,"column":4},"end":{"line":117,"column":47}},"67":{"start":{"line":118,"column":4},"end":{"line":118,"column":51}},"68":{"start":{"line":120,"column":24},"end":{"line":120,"column":75}},"69":{"start":{"line":121,"column":27},"end":{"line":121,"column":54}},"70":{"start":{"line":121,"column":48},"end":{"line":121,"column":53}},"71":{"start":{"line":123,"column":21},"end":{"line":133,"column":5}},"72":{"start":{"line":135,"column":4},"end":{"line":137,"column":5}},"73":{"start":{"line":136,"column":6},"end":{"line":136,"column":72}},"74":{"start":{"line":139,"column":4},"end":{"line":139,"column":72}},"75":{"start":{"line":142,"column":4},"end":{"line":142,"column":54}},"76":{"start":{"line":143,"column":4},"end":{"line":143,"column":93}}},"fnMap":{"0":{"name":"(anonymous_0)","decl":{"start":{"line":5,"column":23},"end":{"line":5,"column":24}},"loc":{"start":{"line":5,"column":43},"end":{"line":26,"column":1}},"line":5},"1":{"name":"(anonymous_1)","decl":{"start":{"line":11,"column":45},"end":{"line":11,"column":46}},"loc":{"start":{"line":11,"column":50},"end":{"line":11,"column":55}},"line":11},"2":{"name":"(anonymous_2)","decl":{"start":{"line":29,"column":29},"end":{"line":29,"column":30}},"loc":{"start":{"line":29,"column":49},"end":{"line":59,"column":1}},"line":29},"3":{"name":"(anonymous_3)","decl":{"start":{"line":35,"column":43},"end":{"line":35,"column":44}},"loc":{"start":{"line":35,"column":48},"end":{"line":35,"column":53}},"line":35},"4":{"name":"(anonymous_4)","decl":{"start":{"line":62,"column":21},"end":{"line":62,"column":22}},"loc":{"start":{"line":62,"column":41},"end":{"line":84,"column":1}},"line":62},"5":{"name":"(anonymous_5)","decl":{"start":{"line":87,"column":25},"end":{"line":87,"column":26}},"loc":{"start":{"line":87,"column":45},"end":{"line":108,"column":1}},"line":87},"6":{"name":"(anonymous_6)","decl":{"start":{"line":111,"column":25},"end":{"line":111,"column":26}},"loc":{"start":{"line":111,"column":45},"end":{"line":145,"column":1}},"line":111},"7":{"name":"(anonymous_7)","decl":{"start":{"line":121,"column":43},"end":{"line":121,"column":44}},"loc":{"start":{"line":121,"column":48},"end":{"line":121,"column":53}},"line":121}},"branchMap":{"0":{"loc":{"start":{"line":9,"column":4},"end":{"line":19,"column":5}},"type":"if","locations":[{"start":{"line":9,"column":4},"end":{"line":19,"column":5}},{"start":{"line":13,"column":11},"end":{"line":19,"column":5}}],"line":9},"1":{"loc":{"start":{"line":13,"column":11},"end":{"line":19,"column":5}},"type":"if","locations":[{"start":{"line":13,"column":11},"end":{"line":19,"column":5}},{"start":{"line":17,"column":11},"end":{"line":19,"column":5}}],"line":13},"2":{"loc":{"start":{"line":15,"column":6},"end":{"line":15,"column":90}},"type":"if","locations":[{"start":{"line":15,"column":6},"end":{"line":15,"column":90}},{"start":{},"end":{}}],"line":15},"3":{"loc":{"start":{"line":43,"column":4},"end":{"line":45,"column":5}},"type":"if","locations":[{"start":{"line":43,"column":4},"end":{"line":45,"column":5}},{"start":{},"end":{}}],"line":43},"4":{"loc":{"start":{"line":53,"column":82},"end":{"line":53,"column":110}},"type":"cond-expr","locations":[{"start":{"line":53,"column":98},"end":{"line":53,"column":102}},{"start":{"line":53,"column":105},"end":{"line":53,"column":110}}],"line":53},"5":{"loc":{"start":{"line":65,"column":4},"end":{"line":65,"column":109}},"type":"if","locations":[{"start":{"line":65,"column":4},"end":{"line":65,"column":109}},{"start":{},"end":{}}],"line":65},"6":{"loc":{"start":{"line":90,"column":4},"end":{"line":90,"column":97}},"type":"if","locations":[{"start":{"line":90,"column":4},"end":{"line":90,"column":97}},{"start":{},"end":{}}],"line":90},"7":{"loc":{"start":{"line":95,"column":4},"end":{"line":97,"column":5}},"type":"if","locations":[{"start":{"line":95,"column":4},"end":{"line":97,"column":5}},{"start":{},"end":{}}],"line":95},"8":{"loc":{"start":{"line":135,"column":4},"end":{"line":137,"column":5}},"type":"if","locations":[{"start":{"line":135,"column":4},"end":{"line":137,"column":5}},{"start":{},"end":{}}],"line":135}},"s":{"0":1,"1":1,"2":1,"3":0,"4":0,"5":0,"6":0,"7":0,"8":0,"9":0,"10":0,"11":0,"12":0,"13":0,"14":0,"15":0,"16":0,"17":0,"18":0,"19":1,"20":3,"21":3,"22":3,"23":3,"24":2,"25":2,"26":2,"27":2,"28":1,"29":1,"30":1,"31":1,"32":1,"33":1,"34":1,"35":0,"36":0,"37":0,"38":0,"39":0,"40":0,"41":0,"42":0,"43":0,"44":0,"45":0,"46":1,"47":4,"48":4,"49":3,"50":1,"51":2,"52":2,"53":2,"54":1,"55":1,"56":1,"57":1,"58":1,"59":1,"60":1,"61":1,"62":3,"63":3,"64":3,"65":3,"66":3,"67":3,"68":3,"69":2,"70":2,"71":2,"72":2,"73":1,"74":1,"75":1,"76":1},"f":{"0":0,"1":0,"2":3,"3":2,"4":0,"5":4,"6":3,"7":2},"b":{"0":[0,0],"1":[0,0],"2":[0,0],"3":[1,1],"4":[1,0],"5":[0,0],"6":[1,2],"7":[1,1],"8":[1,1]},"_coverageSchema":"1a1c01bbd47fc00a2c39e90264f33305004495a9","hash":"3fc332439ccaca6c4ad2ed10a67fac6506655374"}
,"C:\\Users\\momoe\\Desktop\\DEV3 project - GROUPE 14\\Dev-Web-2024\\backend\\controllers\\consommationController.js": {"path":"C:\\Users\\momoe\\Desktop\\DEV3 project - GROUPE 14\\Dev-Web-2024\\backend\\controllers\\consommationController.js","statementMap":{"0":{"start":{"line":1,"column":17},"end":{"line":1,"column":36}},"1":{"start":{"line":2,"column":21},"end":{"line":2,"column":59}},"2":{"start":{"line":3,"column":17},"end":{"line":3,"column":51}},"3":{"start":{"line":4,"column":21},"end":{"line":4,"column":59}},"4":{"start":{"line":5,"column":19},"end":{"line":5,"column":55}},"5":{"start":{"line":6,"column":22},"end":{"line":6,"column":65}},"6":{"start":{"line":7,"column":19},"end":{"line":7,"column":38}},"7":{"start":{"line":10,"column":0},"end":{"line":104,"column":2}},"8":{"start":{"line":11,"column":2},"end":{"line":103,"column":3}},"9":{"start":{"line":12,"column":41},"end":{"line":12,"column":49}},"10":{"start":{"line":14,"column":4},"end":{"line":16,"column":5}},"11":{"start":{"line":15,"column":6},"end":{"line":15,"column":90}},"12":{"start":{"line":19,"column":23},"end":{"line":19,"column":70}},"13":{"start":{"line":21,"column":4},"end":{"line":23,"column":5}},"14":{"start":{"line":22,"column":6},"end":{"line":22,"column":74}},"15":{"start":{"line":25,"column":4},"end":{"line":27,"column":5}},"16":{"start":{"line":26,"column":6},"end":{"line":26,"column":92}},"17":{"start":{"line":28,"column":4},"end":{"line":28,"column":47}},"18":{"start":{"line":29,"column":4},"end":{"line":29,"column":73}},"19":{"start":{"line":30,"column":4},"end":{"line":30,"column":82}},"20":{"start":{"line":30,"column":67},"end":{"line":30,"column":79}},"21":{"start":{"line":33,"column":19},"end":{"line":33,"column":40}},"22":{"start":{"line":36,"column":6},"end":{"line":37,"column":69}},"23":{"start":{"line":37,"column":39},"end":{"line":37,"column":51}},"24":{"start":{"line":39,"column":4},"end":{"line":41,"column":5}},"25":{"start":{"line":40,"column":6},"end":{"line":40,"column":100}},"26":{"start":{"line":44,"column":26},"end":{"line":48,"column":6}},"27":{"start":{"line":50,"column":4},"end":{"line":50,"column":31}},"28":{"start":{"line":53,"column":4},"end":{"line":64,"column":5}},"29":{"start":{"line":54,"column":6},"end":{"line":63,"column":9}},"30":{"start":{"line":67,"column":25},"end":{"line":67,"column":27}},"31":{"start":{"line":68,"column":4},"end":{"line":97,"column":5}},"32":{"start":{"line":69,"column":27},"end":{"line":69,"column":93}},"33":{"start":{"line":72,"column":33},"end":{"line":72,"column":62}},"34":{"start":{"line":74,"column":20},"end":{"line":79,"column":8}},"35":{"start":{"line":81,"column":6},"end":{"line":81,"column":25}},"36":{"start":{"line":84,"column":26},"end":{"line":84,"column":63}},"37":{"start":{"line":85,"column":26},"end":{"line":85,"column":64}},"38":{"start":{"line":87,"column":6},"end":{"line":96,"column":7}},"39":{"start":{"line":88,"column":28},"end":{"line":88,"column":62}},"40":{"start":{"line":89,"column":8},"end":{"line":95,"column":9}},"41":{"start":{"line":90,"column":10},"end":{"line":94,"column":11}},"42":{"start":{"line":91,"column":12},"end":{"line":91,"column":90}},"43":{"start":{"line":93,"column":12},"end":{"line":93,"column":54}},"44":{"start":{"line":99,"column":4},"end":{"line":99,"column":95}},"45":{"start":{"line":101,"column":4},"end":{"line":101,"column":58}},"46":{"start":{"line":102,"column":4},"end":{"line":102,"column":96}},"47":{"start":{"line":106,"column":0},"end":{"line":152,"column":2}},"48":{"start":{"line":107,"column":2},"end":{"line":151,"column":3}},"49":{"start":{"line":108,"column":29},"end":{"line":108,"column":37}},"50":{"start":{"line":109,"column":4},"end":{"line":111,"column":5}},"51":{"start":{"line":110,"column":6},"end":{"line":110,"column":109}},"52":{"start":{"line":113,"column":4},"end":{"line":115,"column":5}},"53":{"start":{"line":114,"column":6},"end":{"line":114,"column":91}},"54":{"start":{"line":117,"column":23},"end":{"line":117,"column":84}},"55":{"start":{"line":118,"column":4},"end":{"line":120,"column":5}},"56":{"start":{"line":119,"column":6},"end":{"line":119,"column":74}},"57":{"start":{"line":122,"column":32},"end":{"line":122,"column":34}},"58":{"start":{"line":123,"column":4},"end":{"line":145,"column":5}},"59":{"start":{"line":124,"column":6},"end":{"line":126,"column":7}},"60":{"start":{"line":125,"column":8},"end":{"line":125,"column":113}},"61":{"start":{"line":128,"column":28},"end":{"line":132,"column":8}},"62":{"start":{"line":134,"column":6},"end":{"line":134,"column":33}},"63":{"start":{"line":135,"column":6},"end":{"line":135,"column":46}},"64":{"start":{"line":138,"column":6},"end":{"line":144,"column":7}},"65":{"start":{"line":139,"column":8},"end":{"line":143,"column":9}},"66":{"start":{"line":147,"column":4},"end":{"line":147,"column":97}},"67":{"start":{"line":149,"column":4},"end":{"line":149,"column":82}},"68":{"start":{"line":150,"column":4},"end":{"line":150,"column":89}},"69":{"start":{"line":155,"column":0},"end":{"line":166,"column":2}},"70":{"start":{"line":156,"column":2},"end":{"line":165,"column":3}},"71":{"start":{"line":157,"column":25},"end":{"line":157,"column":88}},"72":{"start":{"line":158,"column":4},"end":{"line":160,"column":5}},"73":{"start":{"line":159,"column":6},"end":{"line":159,"column":76}},"74":{"start":{"line":161,"column":4},"end":{"line":161,"column":39}},"75":{"start":{"line":163,"column":4},"end":{"line":163,"column":69}},"76":{"start":{"line":164,"column":4},"end":{"line":164,"column":100}},"77":{"start":{"line":168,"column":0},"end":{"line":219,"column":2}},"78":{"start":{"line":169,"column":2},"end":{"line":218,"column":3}},"79":{"start":{"line":170,"column":27},"end":{"line":170,"column":36}},"80":{"start":{"line":172,"column":19},"end":{"line":172,"column":21}},"81":{"start":{"line":174,"column":4},"end":{"line":184,"column":5}},"82":{"start":{"line":175,"column":6},"end":{"line":175,"column":28}},"83":{"start":{"line":176,"column":6},"end":{"line":179,"column":7}},"84":{"start":{"line":177,"column":26},"end":{"line":177,"column":41}},"85":{"start":{"line":178,"column":8},"end":{"line":178,"column":65}},"86":{"start":{"line":178,"column":31},"end":{"line":178,"column":65}},"87":{"start":{"line":180,"column":6},"end":{"line":183,"column":7}},"88":{"start":{"line":181,"column":24},"end":{"line":181,"column":37}},"89":{"start":{"line":182,"column":8},"end":{"line":182,"column":61}},"90":{"start":{"line":182,"column":29},"end":{"line":182,"column":61}},"91":{"start":{"line":187,"column":18},"end":{"line":187,"column":67}},"92":{"start":{"line":190,"column":4},"end":{"line":192,"column":5}},"93":{"start":{"line":191,"column":6},"end":{"line":191,"column":34}},"94":{"start":{"line":194,"column":26},"end":{"line":194,"column":39}},"95":{"start":{"line":196,"column":25},"end":{"line":212,"column":6}},"96":{"start":{"line":197,"column":22},"end":{"line":197,"column":43}},"97":{"start":{"line":198,"column":26},"end":{"line":202,"column":8}},"98":{"start":{"line":203,"column":6},"end":{"line":211,"column":8}},"99":{"start":{"line":214,"column":4},"end":{"line":214,"column":39}},"100":{"start":{"line":216,"column":4},"end":{"line":216,"column":63}},"101":{"start":{"line":217,"column":4},"end":{"line":217,"column":81}},"102":{"start":{"line":223,"column":0},"end":{"line":257,"column":2}},"103":{"start":{"line":224,"column":2},"end":{"line":256,"column":3}},"104":{"start":{"line":225,"column":25},"end":{"line":225,"column":77}},"105":{"start":{"line":227,"column":4},"end":{"line":229,"column":5}},"106":{"start":{"line":228,"column":6},"end":{"line":228,"column":79}},"107":{"start":{"line":231,"column":19},"end":{"line":231,"column":39}},"108":{"start":{"line":232,"column":25},"end":{"line":232,"column":57}},"109":{"start":{"line":234,"column":24},"end":{"line":234,"column":74}},"110":{"start":{"line":235,"column":4},"end":{"line":235,"column":98}},"111":{"start":{"line":237,"column":4},"end":{"line":240,"column":5}},"112":{"start":{"line":238,"column":6},"end":{"line":238,"column":59}},"113":{"start":{"line":239,"column":6},"end":{"line":239,"column":46}},"114":{"start":{"line":242,"column":4},"end":{"line":244,"column":5}},"115":{"start":{"line":243,"column":6},"end":{"line":243,"column":84}},"116":{"start":{"line":246,"column":4},"end":{"line":251,"column":7}},"117":{"start":{"line":254,"column":4},"end":{"line":254,"column":69}},"118":{"start":{"line":255,"column":4},"end":{"line":255,"column":57}},"119":{"start":{"line":261,"column":0},"end":{"line":309,"column":2}},"120":{"start":{"line":262,"column":2},"end":{"line":308,"column":3}},"121":{"start":{"line":263,"column":23},"end":{"line":263,"column":44}},"122":{"start":{"line":264,"column":27},"end":{"line":264,"column":36}},"123":{"start":{"line":266,"column":4},"end":{"line":268,"column":5}},"124":{"start":{"line":267,"column":6},"end":{"line":267,"column":119}},"125":{"start":{"line":269,"column":4},"end":{"line":271,"column":5}},"126":{"start":{"line":270,"column":6},"end":{"line":270,"column":74}},"127":{"start":{"line":273,"column":22},"end":{"line":273,"column":37}},"128":{"start":{"line":274,"column":20},"end":{"line":274,"column":33}},"129":{"start":{"line":275,"column":4},"end":{"line":277,"column":5}},"130":{"start":{"line":276,"column":6},"end":{"line":276,"column":74}},"131":{"start":{"line":278,"column":4},"end":{"line":280,"column":5}},"132":{"start":{"line":279,"column":6},"end":{"line":279,"column":72}},"133":{"start":{"line":282,"column":26},"end":{"line":285,"column":6}},"134":{"start":{"line":287,"column":4},"end":{"line":294,"column":5}},"135":{"start":{"line":288,"column":6},"end":{"line":293,"column":9}},"136":{"start":{"line":296,"column":18},"end":{"line":296,"column":68}},"137":{"start":{"line":296,"column":51},"end":{"line":296,"column":64}},"138":{"start":{"line":297,"column":20},"end":{"line":297,"column":48}},"139":{"start":{"line":299,"column":4},"end":{"line":304,"column":7}},"140":{"start":{"line":306,"column":4},"end":{"line":306,"column":65}},"141":{"start":{"line":307,"column":4},"end":{"line":307,"column":86}},"142":{"start":{"line":312,"column":0},"end":{"line":329,"column":2}},"143":{"start":{"line":313,"column":2},"end":{"line":328,"column":3}},"144":{"start":{"line":314,"column":26},"end":{"line":314,"column":60}},"145":{"start":{"line":316,"column":19},"end":{"line":316,"column":55}},"146":{"start":{"line":317,"column":17},"end":{"line":317,"column":27}},"147":{"start":{"line":319,"column":19},"end":{"line":319,"column":35}},"148":{"start":{"line":320,"column":16},"end":{"line":320,"column":43}},"149":{"start":{"line":322,"column":4},"end":{"line":322,"column":43}},"150":{"start":{"line":323,"column":4},"end":{"line":323,"column":40}},"151":{"start":{"line":324,"column":4},"end":{"line":324,"column":25}},"152":{"start":{"line":326,"column":4},"end":{"line":326,"column":45}},"153":{"start":{"line":327,"column":4},"end":{"line":327,"column":78}}},"fnMap":{"0":{"name":"(anonymous_0)","decl":{"start":{"line":10,"column":28},"end":{"line":10,"column":29}},"loc":{"start":{"line":10,"column":48},"end":{"line":104,"column":1}},"line":10},"1":{"name":"(anonymous_1)","decl":{"start":{"line":30,"column":62},"end":{"line":30,"column":63}},"loc":{"start":{"line":30,"column":67},"end":{"line":30,"column":79}},"line":30},"2":{"name":"(anonymous_2)","decl":{"start":{"line":37,"column":34},"end":{"line":37,"column":35}},"loc":{"start":{"line":37,"column":39},"end":{"line":37,"column":51}},"line":37},"3":{"name":"(anonymous_3)","decl":{"start":{"line":106,"column":33},"end":{"line":106,"column":34}},"loc":{"start":{"line":106,"column":53},"end":{"line":152,"column":1}},"line":106},"4":{"name":"(anonymous_4)","decl":{"start":{"line":155,"column":31},"end":{"line":155,"column":32}},"loc":{"start":{"line":155,"column":51},"end":{"line":166,"column":1}},"line":155},"5":{"name":"(anonymous_5)","decl":{"start":{"line":168,"column":27},"end":{"line":168,"column":28}},"loc":{"start":{"line":168,"column":47},"end":{"line":219,"column":1}},"line":168},"6":{"name":"(anonymous_6)","decl":{"start":{"line":196,"column":43},"end":{"line":196,"column":44}},"loc":{"start":{"line":196,"column":48},"end":{"line":212,"column":5}},"line":196},"7":{"name":"(anonymous_7)","decl":{"start":{"line":223,"column":34},"end":{"line":223,"column":35}},"loc":{"start":{"line":223,"column":54},"end":{"line":257,"column":1}},"line":223},"8":{"name":"(anonymous_8)","decl":{"start":{"line":261,"column":38},"end":{"line":261,"column":39}},"loc":{"start":{"line":261,"column":58},"end":{"line":309,"column":1}},"line":261},"9":{"name":"(anonymous_9)","decl":{"start":{"line":296,"column":39},"end":{"line":296,"column":40}},"loc":{"start":{"line":296,"column":51},"end":{"line":296,"column":64}},"line":296},"10":{"name":"(anonymous_10)","decl":{"start":{"line":312,"column":37},"end":{"line":312,"column":38}},"loc":{"start":{"line":312,"column":57},"end":{"line":329,"column":1}},"line":312}},"branchMap":{"0":{"loc":{"start":{"line":14,"column":4},"end":{"line":16,"column":5}},"type":"if","locations":[{"start":{"line":14,"column":4},"end":{"line":16,"column":5}},{"start":{},"end":{}}],"line":14},"1":{"loc":{"start":{"line":14,"column":8},"end":{"line":14,"column":55}},"type":"binary-expr","locations":[{"start":{"line":14,"column":8},"end":{"line":14,"column":26}},{"start":{"line":14,"column":30},"end":{"line":14,"column":55}}],"line":14},"2":{"loc":{"start":{"line":21,"column":4},"end":{"line":23,"column":5}},"type":"if","locations":[{"start":{"line":21,"column":4},"end":{"line":23,"column":5}},{"start":{},"end":{}}],"line":21},"3":{"loc":{"start":{"line":25,"column":4},"end":{"line":27,"column":5}},"type":"if","locations":[{"start":{"line":25,"column":4},"end":{"line":27,"column":5}},{"start":{},"end":{}}],"line":25},"4":{"loc":{"start":{"line":25,"column":8},"end":{"line":25,"column":75}},"type":"binary-expr","locations":[{"start":{"line":25,"column":8},"end":{"line":25,"column":32}},{"start":{"line":25,"column":36},"end":{"line":25,"column":75}}],"line":25},"5":{"loc":{"start":{"line":36,"column":6},"end":{"line":37,"column":69}},"type":"binary-expr","locations":[{"start":{"line":36,"column":6},"end":{"line":36,"column":44}},{"start":{"line":37,"column":6},"end":{"line":37,"column":69}}],"line":36},"6":{"loc":{"start":{"line":39,"column":4},"end":{"line":41,"column":5}},"type":"if","locations":[{"start":{"line":39,"column":4},"end":{"line":41,"column":5}},{"start":{},"end":{}}],"line":39},"7":{"loc":{"start":{"line":53,"column":4},"end":{"line":64,"column":5}},"type":"if","locations":[{"start":{"line":53,"column":4},"end":{"line":64,"column":5}},{"start":{},"end":{}}],"line":53},"8":{"loc":{"start":{"line":68,"column":4},"end":{"line":97,"column":5}},"type":"if","locations":[{"start":{"line":68,"column":4},"end":{"line":97,"column":5}},{"start":{},"end":{}}],"line":68},"9":{"loc":{"start":{"line":72,"column":33},"end":{"line":72,"column":62}},"type":"binary-expr","locations":[{"start":{"line":72,"column":33},"end":{"line":72,"column":56}},{"start":{"line":72,"column":60},"end":{"line":72,"column":62}}],"line":72},"10":{"loc":{"start":{"line":89,"column":8},"end":{"line":95,"column":9}},"type":"if","locations":[{"start":{"line":89,"column":8},"end":{"line":95,"column":9}},{"start":{},"end":{}}],"line":89},"11":{"loc":{"start":{"line":89,"column":12},"end":{"line":89,"column":77}},"type":"binary-expr","locations":[{"start":{"line":89,"column":12},"end":{"line":89,"column":56}},{"start":{"line":89,"column":60},"end":{"line":89,"column":77}}],"line":89},"12":{"loc":{"start":{"line":109,"column":4},"end":{"line":111,"column":5}},"type":"if","locations":[{"start":{"line":109,"column":4},"end":{"line":111,"column":5}},{"start":{},"end":{}}],"line":109},"13":{"loc":{"start":{"line":109,"column":8},"end":{"line":109,"column":65}},"type":"binary-expr","locations":[{"start":{"line":109,"column":8},"end":{"line":109,"column":36}},{"start":{"line":109,"column":40},"end":{"line":109,"column":65}}],"line":109},"14":{"loc":{"start":{"line":113,"column":4},"end":{"line":115,"column":5}},"type":"if","locations":[{"start":{"line":113,"column":4},"end":{"line":115,"column":5}},{"start":{},"end":{}}],"line":113},"15":{"loc":{"start":{"line":118,"column":4},"end":{"line":120,"column":5}},"type":"if","locations":[{"start":{"line":118,"column":4},"end":{"line":120,"column":5}},{"start":{},"end":{}}],"line":118},"16":{"loc":{"start":{"line":124,"column":6},"end":{"line":126,"column":7}},"type":"if","locations":[{"start":{"line":124,"column":6},"end":{"line":126,"column":7}},{"start":{},"end":{}}],"line":124},"17":{"loc":{"start":{"line":130,"column":19},"end":{"line":130,"column":94}},"type":"cond-expr","locations":[{"start":{"line":130,"column":43},"end":{"line":130,"column":81}},{"start":{"line":130,"column":84},"end":{"line":130,"column":94}}],"line":130},"18":{"loc":{"start":{"line":138,"column":6},"end":{"line":144,"column":7}},"type":"if","locations":[{"start":{"line":138,"column":6},"end":{"line":144,"column":7}},{"start":{},"end":{}}],"line":138},"19":{"loc":{"start":{"line":158,"column":4},"end":{"line":160,"column":5}},"type":"if","locations":[{"start":{"line":158,"column":4},"end":{"line":160,"column":5}},{"start":{},"end":{}}],"line":158},"20":{"loc":{"start":{"line":174,"column":4},"end":{"line":184,"column":5}},"type":"if","locations":[{"start":{"line":174,"column":4},"end":{"line":184,"column":5}},{"start":{},"end":{}}],"line":174},"21":{"loc":{"start":{"line":174,"column":8},"end":{"line":174,"column":20}},"type":"binary-expr","locations":[{"start":{"line":174,"column":8},"end":{"line":174,"column":13}},{"start":{"line":174,"column":17},"end":{"line":174,"column":20}}],"line":174},"22":{"loc":{"start":{"line":176,"column":6},"end":{"line":179,"column":7}},"type":"if","locations":[{"start":{"line":176,"column":6},"end":{"line":179,"column":7}},{"start":{},"end":{}}],"line":176},"23":{"loc":{"start":{"line":178,"column":8},"end":{"line":178,"column":65}},"type":"if","locations":[{"start":{"line":178,"column":8},"end":{"line":178,"column":65}},{"start":{},"end":{}}],"line":178},"24":{"loc":{"start":{"line":180,"column":6},"end":{"line":183,"column":7}},"type":"if","locations":[{"start":{"line":180,"column":6},"end":{"line":183,"column":7}},{"start":{},"end":{}}],"line":180},"25":{"loc":{"start":{"line":182,"column":8},"end":{"line":182,"column":61}},"type":"if","locations":[{"start":{"line":182,"column":8},"end":{"line":182,"column":61}},{"start":{},"end":{}}],"line":182},"26":{"loc":{"start":{"line":190,"column":4},"end":{"line":192,"column":5}},"type":"if","locations":[{"start":{"line":190,"column":4},"end":{"line":192,"column":5}},{"start":{},"end":{}}],"line":190},"27":{"loc":{"start":{"line":190,"column":8},"end":{"line":190,"column":22}},"type":"binary-expr","locations":[{"start":{"line":190,"column":8},"end":{"line":190,"column":14}},{"start":{"line":190,"column":18},"end":{"line":190,"column":22}}],"line":190},"28":{"loc":{"start":{"line":227,"column":4},"end":{"line":229,"column":5}},"type":"if","locations":[{"start":{"line":227,"column":4},"end":{"line":229,"column":5}},{"start":{},"end":{}}],"line":227},"29":{"loc":{"start":{"line":237,"column":4},"end":{"line":240,"column":5}},"type":"if","locations":[{"start":{"line":237,"column":4},"end":{"line":240,"column":5}},{"start":{},"end":{}}],"line":237},"30":{"loc":{"start":{"line":242,"column":4},"end":{"line":244,"column":5}},"type":"if","locations":[{"start":{"line":242,"column":4},"end":{"line":244,"column":5}},{"start":{},"end":{}}],"line":242},"31":{"loc":{"start":{"line":266,"column":4},"end":{"line":268,"column":5}},"type":"if","locations":[{"start":{"line":266,"column":4},"end":{"line":268,"column":5}},{"start":{},"end":{}}],"line":266},"32":{"loc":{"start":{"line":266,"column":8},"end":{"line":266,"column":37}},"type":"binary-expr","locations":[{"start":{"line":266,"column":8},"end":{"line":266,"column":19}},{"start":{"line":266,"column":23},"end":{"line":266,"column":29}},{"start":{"line":266,"column":33},"end":{"line":266,"column":37}}],"line":266},"33":{"loc":{"start":{"line":269,"column":4},"end":{"line":271,"column":5}},"type":"if","locations":[{"start":{"line":269,"column":4},"end":{"line":271,"column":5}},{"start":{},"end":{}}],"line":269},"34":{"loc":{"start":{"line":275,"column":4},"end":{"line":277,"column":5}},"type":"if","locations":[{"start":{"line":275,"column":4},"end":{"line":277,"column":5}},{"start":{},"end":{}}],"line":275},"35":{"loc":{"start":{"line":278,"column":4},"end":{"line":280,"column":5}},"type":"if","locations":[{"start":{"line":278,"column":4},"end":{"line":280,"column":5}},{"start":{},"end":{}}],"line":278},"36":{"loc":{"start":{"line":287,"column":4},"end":{"line":294,"column":5}},"type":"if","locations":[{"start":{"line":287,"column":4},"end":{"line":294,"column":5}},{"start":{},"end":{}}],"line":287}},"s":{"0":1,"1":1,"2":1,"3":1,"4":1,"5":1,"6":1,"7":1,"8":3,"9":3,"10":3,"11":1,"12":2,"13":2,"14":1,"15":1,"16":0,"17":1,"18":1,"19":1,"20":1,"21":1,"22":1,"23":1,"24":1,"25":0,"26":1,"27":1,"28":1,"29":1,"30":1,"31":1,"32":1,"33":1,"34":1,"35":1,"36":1,"37":1,"38":1,"39":1,"40":1,"41":1,"42":1,"43":0,"44":1,"45":0,"46":0,"47":1,"48":3,"49":3,"50":3,"51":1,"52":2,"53":0,"54":2,"55":2,"56":1,"57":1,"58":1,"59":2,"60":0,"61":2,"62":2,"63":2,"64":2,"65":2,"66":1,"67":0,"68":0,"69":1,"70":0,"71":0,"72":0,"73":0,"74":0,"75":0,"76":0,"77":1,"78":0,"79":0,"80":0,"81":0,"82":0,"83":0,"84":0,"85":0,"86":0,"87":0,"88":0,"89":0,"90":0,"91":0,"92":0,"93":0,"94":0,"95":0,"96":0,"97":0,"98":0,"99":0,"100":0,"101":0,"102":1,"103":4,"104":4,"105":3,"106":1,"107":2,"108":2,"109":2,"110":2,"111":2,"112":0,"113":0,"114":2,"115":1,"116":1,"117":1,"118":1,"119":1,"120":0,"121":0,"122":0,"123":0,"124":0,"125":0,"126":0,"127":0,"128":0,"129":0,"130":0,"131":0,"132":0,"133":0,"134":0,"135":0,"136":0,"137":0,"138":0,"139":0,"140":0,"141":0,"142":1,"143":0,"144":0,"145":0,"146":0,"147":0,"148":0,"149":0,"150":0,"151":0,"152":0,"153":0},"f":{"0":3,"1":1,"2":1,"3":3,"4":0,"5":0,"6":0,"7":4,"8":0,"9":0,"10":0},"b":{"0":[1,2],"1":[3,2],"2":[1,1],"3":[0,1],"4":[1,1],"5":[1,1],"6":[0,1],"7":[1,0],"8":[1,0],"9":[1,0],"10":[1,0],"11":[1,1],"12":[1,2],"13":[3,3],"14":[0,2],"15":[1,1],"16":[0,2],"17":[0,2],"18":[2,0],"19":[0,0],"20":[0,0],"21":[0,0],"22":[0,0],"23":[0,0],"24":[0,0],"25":[0,0],"26":[0,0],"27":[0,0],"28":[1,2],"29":[0,2],"30":[1,1],"31":[0,0],"32":[0,0,0],"33":[0,0],"34":[0,0],"35":[0,0],"36":[0,0]},"_coverageSchema":"1a1c01bbd47fc00a2c39e90264f33305004495a9","hash":"7bc2c73a1f24e46bdd45eae274cced56d0c8996b"}
,"C:\\Users\\momoe\\Desktop\\DEV3 project - GROUPE 14\\Dev-Web-2024\\backend\\controllers\\notificationController.js": {"path":"C:\\Users\\momoe\\Desktop\\DEV3 project - GROUPE 14\\Dev-Web-2024\\backend\\controllers\\notificationController.js","statementMap":{"0":{"start":{"line":3,"column":21},"end":{"line":3,"column":59}},"1":{"start":{"line":4,"column":20},"end":{"line":4,"column":57}},"2":{"start":{"line":5,"column":31},"end":{"line":5,"column":74}},"3":{"start":{"line":10,"column":0},"end":{"line":46,"column":2}},"4":{"start":{"line":11,"column":2},"end":{"line":45,"column":3}},"5":{"start":{"line":12,"column":36},"end":{"line":12,"column":44}},"6":{"start":{"line":15,"column":4},"end":{"line":17,"column":5}},"7":{"start":{"line":16,"column":6},"end":{"line":16,"column":79}},"8":{"start":{"line":19,"column":25},"end":{"line":23,"column":6}},"9":{"start":{"line":26,"column":24},"end":{"line":26,"column":62}},"10":{"start":{"line":27,"column":4},"end":{"line":39,"column":5}},"11":{"start":{"line":28,"column":6},"end":{"line":38,"column":7}},"12":{"start":{"line":29,"column":8},"end":{"line":33,"column":10}},"13":{"start":{"line":34,"column":8},"end":{"line":34,"column":36}},"14":{"start":{"line":35,"column":8},"end":{"line":35,"column":34}},"15":{"start":{"line":37,"column":8},"end":{"line":37,"column":51}},"16":{"start":{"line":41,"column":4},"end":{"line":41,"column":39}},"17":{"start":{"line":43,"column":4},"end":{"line":43,"column":56}},"18":{"start":{"line":44,"column":4},"end":{"line":44,"column":70}},"19":{"start":{"line":48,"column":0},"end":{"line":63,"column":2}},"20":{"start":{"line":49,"column":2},"end":{"line":62,"column":3}},"21":{"start":{"line":50,"column":19},"end":{"line":50,"column":29}},"22":{"start":{"line":52,"column":26},"end":{"line":56,"column":30}},"23":{"start":{"line":58,"column":4},"end":{"line":58,"column":40}},"24":{"start":{"line":60,"column":4},"end":{"line":60,"column":66}},"25":{"start":{"line":61,"column":4},"end":{"line":61,"column":57}},"26":{"start":{"line":66,"column":0},"end":{"line":94,"column":2}},"27":{"start":{"line":67,"column":2},"end":{"line":93,"column":3}},"28":{"start":{"line":68,"column":25},"end":{"line":68,"column":67}},"29":{"start":{"line":70,"column":4},"end":{"line":72,"column":5}},"30":{"start":{"line":71,"column":6},"end":{"line":71,"column":76}},"31":{"start":{"line":74,"column":4},"end":{"line":84,"column":5}},"32":{"start":{"line":75,"column":26},"end":{"line":75,"column":60}},"33":{"start":{"line":76,"column":6},"end":{"line":83,"column":7}},"34":{"start":{"line":77,"column":8},"end":{"line":82,"column":9}},"35":{"start":{"line":78,"column":10},"end":{"line":78,"column":89}},"36":{"start":{"line":79,"column":10},"end":{"line":79,"column":63}},"37":{"start":{"line":81,"column":10},"end":{"line":81,"column":76}},"38":{"start":{"line":86,"column":4},"end":{"line":86,"column":32}},"39":{"start":{"line":87,"column":4},"end":{"line":87,"column":30}},"40":{"start":{"line":89,"column":4},"end":{"line":89,"column":69}},"41":{"start":{"line":91,"column":4},"end":{"line":91,"column":66}},"42":{"start":{"line":92,"column":4},"end":{"line":92,"column":83}},"43":{"start":{"line":97,"column":0},"end":{"line":118,"column":2}},"44":{"start":{"line":98,"column":2},"end":{"line":117,"column":3}},"45":{"start":{"line":99,"column":18},"end":{"line":99,"column":60}},"46":{"start":{"line":101,"column":4},"end":{"line":103,"column":5}},"47":{"start":{"line":102,"column":6},"end":{"line":102,"column":76}},"48":{"start":{"line":106,"column":19},"end":{"line":106,"column":40}},"49":{"start":{"line":108,"column":4},"end":{"line":110,"column":5}},"50":{"start":{"line":108,"column":38},"end":{"line":108,"column":51}},"51":{"start":{"line":109,"column":6},"end":{"line":109,"column":95}},"52":{"start":{"line":112,"column":4},"end":{"line":112,"column":56}},"53":{"start":{"line":113,"column":4},"end":{"line":113,"column":65}},"54":{"start":{"line":115,"column":4},"end":{"line":115,"column":64}},"55":{"start":{"line":116,"column":4},"end":{"line":116,"column":57}},"56":{"start":{"line":120,"column":34},"end":{"line":120,"column":78}},"57":{"start":{"line":122,"column":0},"end":{"line":130,"column":2}},"58":{"start":{"line":123,"column":2},"end":{"line":129,"column":3}},"59":{"start":{"line":124,"column":4},"end":{"line":124,"column":38}},"60":{"start":{"line":125,"column":4},"end":{"line":125,"column":90}},"61":{"start":{"line":127,"column":4},"end":{"line":127,"column":59}},"62":{"start":{"line":128,"column":4},"end":{"line":128,"column":71}}},"fnMap":{"0":{"name":"(anonymous_0)","decl":{"start":{"line":10,"column":28},"end":{"line":10,"column":29}},"loc":{"start":{"line":10,"column":48},"end":{"line":46,"column":1}},"line":10},"1":{"name":"(anonymous_1)","decl":{"start":{"line":48,"column":27},"end":{"line":48,"column":28}},"loc":{"start":{"line":48,"column":47},"end":{"line":63,"column":1}},"line":48},"2":{"name":"(anonymous_2)","decl":{"start":{"line":66,"column":30},"end":{"line":66,"column":31}},"loc":{"start":{"line":66,"column":50},"end":{"line":94,"column":1}},"line":66},"3":{"name":"(anonymous_3)","decl":{"start":{"line":97,"column":32},"end":{"line":97,"column":33}},"loc":{"start":{"line":97,"column":52},"end":{"line":118,"column":1}},"line":97},"4":{"name":"(anonymous_4)","decl":{"start":{"line":108,"column":32},"end":{"line":108,"column":33}},"loc":{"start":{"line":108,"column":38},"end":{"line":108,"column":51}},"line":108},"5":{"name":"(anonymous_5)","decl":{"start":{"line":122,"column":34},"end":{"line":122,"column":35}},"loc":{"start":{"line":122,"column":54},"end":{"line":130,"column":1}},"line":122}},"branchMap":{"0":{"loc":{"start":{"line":15,"column":4},"end":{"line":17,"column":5}},"type":"if","locations":[{"start":{"line":15,"column":4},"end":{"line":17,"column":5}},{"start":{},"end":{}}],"line":15},"1":{"loc":{"start":{"line":15,"column":8},"end":{"line":15,"column":31}},"type":"binary-expr","locations":[{"start":{"line":15,"column":8},"end":{"line":15,"column":16}},{"start":{"line":15,"column":20},"end":{"line":15,"column":31}}],"line":15},"2":{"loc":{"start":{"line":27,"column":4},"end":{"line":39,"column":5}},"type":"if","locations":[{"start":{"line":27,"column":4},"end":{"line":39,"column":5}},{"start":{},"end":{}}],"line":27},"3":{"loc":{"start":{"line":27,"column":8},"end":{"line":27,"column":73}},"type":"binary-expr","locations":[{"start":{"line":27,"column":8},"end":{"line":27,"column":52}},{"start":{"line":27,"column":56},"end":{"line":27,"column":73}}],"line":27},"4":{"loc":{"start":{"line":70,"column":4},"end":{"line":72,"column":5}},"type":"if","locations":[{"start":{"line":70,"column":4},"end":{"line":72,"column":5}},{"start":{},"end":{}}],"line":70},"5":{"loc":{"start":{"line":76,"column":6},"end":{"line":83,"column":7}},"type":"if","locations":[{"start":{"line":76,"column":6},"end":{"line":83,"column":7}},{"start":{},"end":{}}],"line":76},"6":{"loc":{"start":{"line":76,"column":10},"end":{"line":76,"column":75}},"type":"binary-expr","locations":[{"start":{"line":76,"column":10},"end":{"line":76,"column":54}},{"start":{"line":76,"column":58},"end":{"line":76,"column":75}}],"line":76},"7":{"loc":{"start":{"line":101,"column":4},"end":{"line":103,"column":5}},"type":"if","locations":[{"start":{"line":101,"column":4},"end":{"line":103,"column":5}},{"start":{},"end":{}}],"line":101},"8":{"loc":{"start":{"line":108,"column":4},"end":{"line":110,"column":5}},"type":"if","locations":[{"start":{"line":108,"column":4},"end":{"line":110,"column":5}},{"start":{},"end":{}}],"line":108}},"s":{"0":1,"1":1,"2":1,"3":1,"4":5,"5":5,"6":5,"7":1,"8":4,"9":3,"10":3,"11":2,"12":2,"13":1,"14":1,"15":1,"16":3,"17":1,"18":1,"19":1,"20":2,"21":2,"22":2,"23":1,"24":1,"25":1,"26":1,"27":3,"28":3,"29":2,"30":1,"31":1,"32":2,"33":2,"34":2,"35":2,"36":2,"37":0,"38":1,"39":1,"40":1,"41":1,"42":1,"43":1,"44":4,"45":4,"46":3,"47":1,"48":2,"49":2,"50":2,"51":1,"52":1,"53":1,"54":1,"55":1,"56":1,"57":1,"58":2,"59":2,"60":1,"61":1,"62":1},"f":{"0":5,"1":2,"2":3,"3":4,"4":2,"5":2},"b":{"0":[1,4],"1":[5,4],"2":[2,1],"3":[3,2],"4":[1,1],"5":[2,0],"6":[2,2],"7":[1,2],"8":[1,1]},"_coverageSchema":"1a1c01bbd47fc00a2c39e90264f33305004495a9","hash":"3681f43a9db078b2402caf3a2e36ca2f1c2e417e"}
,"C:\\Users\\momoe\\Desktop\\DEV3 project - GROUPE 14\\Dev-Web-2024\\backend\\controllers\\utilisateurController.js": {"path":"C:\\Users\\momoe\\Desktop\\DEV3 project - GROUPE 14\\Dev-Web-2024\\backend\\controllers\\utilisateurController.js","statementMap":{"0":{"start":{"line":3,"column":15},"end":{"line":3,"column":32}},"1":{"start":{"line":4,"column":12},"end":{"line":4,"column":35}},"2":{"start":{"line":5,"column":20},"end":{"line":5,"column":57}},"3":{"start":{"line":6,"column":17},"end":{"line":6,"column":51}},"4":{"start":{"line":7,"column":21},"end":{"line":7,"column":59}},"5":{"start":{"line":8,"column":21},"end":{"line":8,"column":59}},"6":{"start":{"line":9,"column":19},"end":{"line":9,"column":55}},"7":{"start":{"line":10,"column":19},"end":{"line":10,"column":40}},"8":{"start":{"line":11,"column":15},"end":{"line":11,"column":46}},"9":{"start":{"line":15,"column":0},"end":{"line":15,"column":27}},"10":{"start":{"line":17,"column":19},"end":{"line":17,"column":41}},"11":{"start":{"line":20,"column":2},"end":{"line":56,"column":3}},"12":{"start":{"line":21,"column":34},"end":{"line":21,"column":42}},"13":{"start":{"line":24,"column":24},"end":{"line":24,"column":60}},"14":{"start":{"line":25,"column":4},"end":{"line":27,"column":5}},"15":{"start":{"line":26,"column":6},"end":{"line":26,"column":83}},"16":{"start":{"line":30,"column":4},"end":{"line":32,"column":5}},"17":{"start":{"line":31,"column":6},"end":{"line":31,"column":106}},"18":{"start":{"line":35,"column":20},"end":{"line":35,"column":76}},"19":{"start":{"line":36,"column":4},"end":{"line":38,"column":5}},"20":{"start":{"line":37,"column":6},"end":{"line":37,"column":83}},"21":{"start":{"line":41,"column":18},"end":{"line":41,"column":96}},"22":{"start":{"line":43,"column":4},"end":{"line":52,"column":7}},"23":{"start":{"line":54,"column":4},"end":{"line":54,"column":55}},"24":{"start":{"line":55,"column":4},"end":{"line":55,"column":57}},"25":{"start":{"line":59,"column":2},"end":{"line":126,"column":3}},"26":{"start":{"line":60,"column":18},"end":{"line":60,"column":33}},"27":{"start":{"line":61,"column":4},"end":{"line":63,"column":5}},"28":{"start":{"line":62,"column":6},"end":{"line":62,"column":65}},"29":{"start":{"line":65,"column":20},"end":{"line":65,"column":61}},"30":{"start":{"line":66,"column":24},"end":{"line":66,"column":62}},"31":{"start":{"line":67,"column":4},"end":{"line":69,"column":5}},"32":{"start":{"line":68,"column":6},"end":{"line":68,"column":73}},"33":{"start":{"line":71,"column":4},"end":{"line":73,"column":5}},"34":{"start":{"line":72,"column":6},"end":{"line":72,"column":75}},"35":{"start":{"line":75,"column":4},"end":{"line":75,"column":31}},"36":{"start":{"line":76,"column":4},"end":{"line":76,"column":29}},"37":{"start":{"line":78,"column":24},"end":{"line":86,"column":6}},"38":{"start":{"line":88,"column":24},"end":{"line":116,"column":5}},"39":{"start":{"line":118,"column":4},"end":{"line":118,"column":44}},"40":{"start":{"line":119,"column":4},"end":{"line":119,"column":47}},"41":{"start":{"line":121,"column":4},"end":{"line":121,"column":70}},"42":{"start":{"line":124,"column":4},"end":{"line":124,"column":59}},"43":{"start":{"line":125,"column":4},"end":{"line":125,"column":97}},"44":{"start":{"line":134,"column":2},"end":{"line":233,"column":3}},"45":{"start":{"line":135,"column":57},"end":{"line":135,"column":65}},"46":{"start":{"line":137,"column":4},"end":{"line":139,"column":5}},"47":{"start":{"line":138,"column":6},"end":{"line":138,"column":79}},"48":{"start":{"line":141,"column":30},"end":{"line":141,"column":66}},"49":{"start":{"line":142,"column":4},"end":{"line":144,"column":5}},"50":{"start":{"line":143,"column":6},"end":{"line":143,"column":88}},"51":{"start":{"line":147,"column":23},"end":{"line":147,"column":80}},"52":{"start":{"line":148,"column":4},"end":{"line":150,"column":5}},"53":{"start":{"line":149,"column":6},"end":{"line":149,"column":145}},"54":{"start":{"line":153,"column":30},"end":{"line":159,"column":6}},"55":{"start":{"line":160,"column":4},"end":{"line":160,"column":35}},"56":{"start":{"line":163,"column":4},"end":{"line":166,"column":5}},"57":{"start":{"line":164,"column":6},"end":{"line":164,"column":58}},"58":{"start":{"line":165,"column":6},"end":{"line":165,"column":30}},"59":{"start":{"line":169,"column":29},"end":{"line":169,"column":90}},"60":{"start":{"line":170,"column":4},"end":{"line":181,"column":5}},"61":{"start":{"line":171,"column":30},"end":{"line":176,"column":7}},"62":{"start":{"line":177,"column":6},"end":{"line":177,"column":49}},"63":{"start":{"line":178,"column":6},"end":{"line":178,"column":65}},"64":{"start":{"line":180,"column":6},"end":{"line":180,"column":77}},"65":{"start":{"line":184,"column":30},"end":{"line":188,"column":5}},"66":{"start":{"line":190,"column":30},"end":{"line":190,"column":95}},"67":{"start":{"line":193,"column":24},"end":{"line":201,"column":6}},"68":{"start":{"line":203,"column":24},"end":{"line":221,"column":5}},"69":{"start":{"line":223,"column":4},"end":{"line":223,"column":44}},"70":{"start":{"line":224,"column":4},"end":{"line":224,"column":52}},"71":{"start":{"line":226,"column":4},"end":{"line":228,"column":7}},"72":{"start":{"line":231,"column":4},"end":{"line":231,"column":56}},"73":{"start":{"line":232,"column":4},"end":{"line":232,"column":79}},"74":{"start":{"line":242,"column":2},"end":{"line":255,"column":3}},"75":{"start":{"line":243,"column":22},"end":{"line":243,"column":70}},"76":{"start":{"line":244,"column":24},"end":{"line":244,"column":49}},"77":{"start":{"line":244,"column":43},"end":{"line":244,"column":48}},"78":{"start":{"line":246,"column":4},"end":{"line":246,"column":70}},"79":{"start":{"line":247,"column":4},"end":{"line":247,"column":70}},"80":{"start":{"line":248,"column":4},"end":{"line":248,"column":59}},"81":{"start":{"line":249,"column":4},"end":{"line":249,"column":52}},"82":{"start":{"line":251,"column":4},"end":{"line":251,"column":105}},"83":{"start":{"line":253,"column":4},"end":{"line":253,"column":53}},"84":{"start":{"line":254,"column":4},"end":{"line":254,"column":90}},"85":{"start":{"line":260,"column":2},"end":{"line":277,"column":3}},"86":{"start":{"line":261,"column":49},"end":{"line":261,"column":57}},"87":{"start":{"line":262,"column":17},"end":{"line":272,"column":5}},"88":{"start":{"line":273,"column":4},"end":{"line":273,"column":72}},"89":{"start":{"line":275,"column":4},"end":{"line":275,"column":53}},"90":{"start":{"line":276,"column":4},"end":{"line":276,"column":56}},"91":{"start":{"line":282,"column":2},"end":{"line":291,"column":3}},"92":{"start":{"line":283,"column":24},"end":{"line":283,"column":106}},"93":{"start":{"line":284,"column":4},"end":{"line":286,"column":5}},"94":{"start":{"line":285,"column":6},"end":{"line":285,"column":73}},"95":{"start":{"line":287,"column":4},"end":{"line":287,"column":38}},"96":{"start":{"line":289,"column":4},"end":{"line":289,"column":54}},"97":{"start":{"line":290,"column":4},"end":{"line":290,"column":91}},"98":{"start":{"line":295,"column":2},"end":{"line":396,"column":3}},"99":{"start":{"line":296,"column":24},"end":{"line":296,"column":62}},"100":{"start":{"line":297,"column":4},"end":{"line":299,"column":5}},"101":{"start":{"line":298,"column":6},"end":{"line":298,"column":74}},"102":{"start":{"line":301,"column":64},"end":{"line":301,"column":72}},"103":{"start":{"line":302,"column":27},"end":{"line":302,"column":32}},"104":{"start":{"line":303,"column":20},"end":{"line":303,"column":25}},"105":{"start":{"line":304,"column":22},"end":{"line":304,"column":27}},"106":{"start":{"line":306,"column":4},"end":{"line":309,"column":5}},"107":{"start":{"line":307,"column":6},"end":{"line":307,"column":28}},"108":{"start":{"line":308,"column":6},"end":{"line":308,"column":23}},"109":{"start":{"line":311,"column":4},"end":{"line":314,"column":5}},"110":{"start":{"line":312,"column":6},"end":{"line":312,"column":32}},"111":{"start":{"line":313,"column":6},"end":{"line":313,"column":25}},"112":{"start":{"line":316,"column":4},"end":{"line":324,"column":5}},"113":{"start":{"line":317,"column":20},"end":{"line":317,"column":82}},"114":{"start":{"line":318,"column":6},"end":{"line":320,"column":7}},"115":{"start":{"line":319,"column":8},"end":{"line":319,"column":83}},"116":{"start":{"line":321,"column":19},"end":{"line":321,"column":43}},"117":{"start":{"line":322,"column":6},"end":{"line":322,"column":74}},"118":{"start":{"line":323,"column":6},"end":{"line":323,"column":30}},"119":{"start":{"line":326,"column":4},"end":{"line":326,"column":29}},"120":{"start":{"line":329,"column":24},"end":{"line":337,"column":6}},"121":{"start":{"line":340,"column":4},"end":{"line":355,"column":5}},"122":{"start":{"line":341,"column":6},"end":{"line":354,"column":9}},"123":{"start":{"line":357,"column":4},"end":{"line":372,"column":5}},"124":{"start":{"line":358,"column":6},"end":{"line":371,"column":9}},"125":{"start":{"line":374,"column":4},"end":{"line":389,"column":5}},"126":{"start":{"line":375,"column":6},"end":{"line":388,"column":9}},"127":{"start":{"line":391,"column":4},"end":{"line":391,"column":72}},"128":{"start":{"line":394,"column":4},"end":{"line":394,"column":54}},"129":{"start":{"line":395,"column":4},"end":{"line":395,"column":90}},"130":{"start":{"line":404,"column":2},"end":{"line":414,"column":3}},"131":{"start":{"line":405,"column":20},"end":{"line":405,"column":28}},"132":{"start":{"line":406,"column":4},"end":{"line":408,"column":5}},"133":{"start":{"line":407,"column":6},"end":{"line":407,"column":69}},"134":{"start":{"line":409,"column":32},"end":{"line":409,"column":146}},"135":{"start":{"line":410,"column":4},"end":{"line":410,"column":105}},"136":{"start":{"line":412,"column":4},"end":{"line":412,"column":53}},"137":{"start":{"line":413,"column":4},"end":{"line":413,"column":90}},"138":{"start":{"line":417,"column":29},"end":{"line":443,"column":1}},"139":{"start":{"line":418,"column":2},"end":{"line":442,"column":3}},"140":{"start":{"line":419,"column":24},"end":{"line":419,"column":62}},"141":{"start":{"line":422,"column":4},"end":{"line":424,"column":5}},"142":{"start":{"line":423,"column":6},"end":{"line":423,"column":74}},"143":{"start":{"line":426,"column":4},"end":{"line":431,"column":5}},"144":{"start":{"line":428,"column":27},"end":{"line":428,"column":66}},"145":{"start":{"line":429,"column":6},"end":{"line":429,"column":45}},"146":{"start":{"line":433,"column":4},"end":{"line":433,"column":29}},"147":{"start":{"line":435,"column":4},"end":{"line":438,"column":7}},"148":{"start":{"line":440,"column":4},"end":{"line":440,"column":62}},"149":{"start":{"line":441,"column":4},"end":{"line":441,"column":92}},"150":{"start":{"line":446,"column":0},"end":{"line":446,"column":163}}},"fnMap":{"0":{"name":"login","decl":{"start":{"line":19,"column":15},"end":{"line":19,"column":20}},"loc":{"start":{"line":19,"column":31},"end":{"line":57,"column":1}},"line":19},"1":{"name":"verifierEmail","decl":{"start":{"line":58,"column":15},"end":{"line":58,"column":28}},"loc":{"start":{"line":58,"column":39},"end":{"line":127,"column":1}},"line":58},"2":{"name":"register","decl":{"start":{"line":133,"column":15},"end":{"line":133,"column":23}},"loc":{"start":{"line":133,"column":34},"end":{"line":234,"column":1}},"line":133},"3":{"name":"supprimerMonCompte","decl":{"start":{"line":241,"column":15},"end":{"line":241,"column":33}},"loc":{"start":{"line":241,"column":44},"end":{"line":256,"column":1}},"line":241},"4":{"name":"(anonymous_4)","decl":{"start":{"line":244,"column":38},"end":{"line":244,"column":39}},"loc":{"start":{"line":244,"column":43},"end":{"line":244,"column":48}},"line":244},"5":{"name":"updatePreferences","decl":{"start":{"line":259,"column":15},"end":{"line":259,"column":32}},"loc":{"start":{"line":259,"column":43},"end":{"line":278,"column":1}},"line":259},"6":{"name":"getMonProfil","decl":{"start":{"line":281,"column":15},"end":{"line":281,"column":27}},"loc":{"start":{"line":281,"column":38},"end":{"line":292,"column":1}},"line":281},"7":{"name":"mettreAJourProfil","decl":{"start":{"line":294,"column":15},"end":{"line":294,"column":32}},"loc":{"start":{"line":294,"column":43},"end":{"line":397,"column":1}},"line":294},"8":{"name":"updateMonProfil","decl":{"start":{"line":403,"column":15},"end":{"line":403,"column":30}},"loc":{"start":{"line":403,"column":41},"end":{"line":415,"column":1}},"line":403},"9":{"name":"(anonymous_9)","decl":{"start":{"line":417,"column":29},"end":{"line":417,"column":30}},"loc":{"start":{"line":417,"column":49},"end":{"line":443,"column":1}},"line":417}},"branchMap":{"0":{"loc":{"start":{"line":25,"column":4},"end":{"line":27,"column":5}},"type":"if","locations":[{"start":{"line":25,"column":4},"end":{"line":27,"column":5}},{"start":{},"end":{}}],"line":25},"1":{"loc":{"start":{"line":30,"column":4},"end":{"line":32,"column":5}},"type":"if","locations":[{"start":{"line":30,"column":4},"end":{"line":32,"column":5}},{"start":{},"end":{}}],"line":30},"2":{"loc":{"start":{"line":36,"column":4},"end":{"line":38,"column":5}},"type":"if","locations":[{"start":{"line":36,"column":4},"end":{"line":38,"column":5}},{"start":{},"end":{}}],"line":36},"3":{"loc":{"start":{"line":61,"column":4},"end":{"line":63,"column":5}},"type":"if","locations":[{"start":{"line":61,"column":4},"end":{"line":63,"column":5}},{"start":{},"end":{}}],"line":61},"4":{"loc":{"start":{"line":67,"column":4},"end":{"line":69,"column":5}},"type":"if","locations":[{"start":{"line":67,"column":4},"end":{"line":69,"column":5}},{"start":{},"end":{}}],"line":67},"5":{"loc":{"start":{"line":71,"column":4},"end":{"line":73,"column":5}},"type":"if","locations":[{"start":{"line":71,"column":4},"end":{"line":73,"column":5}},{"start":{},"end":{}}],"line":71},"6":{"loc":{"start":{"line":137,"column":4},"end":{"line":139,"column":5}},"type":"if","locations":[{"start":{"line":137,"column":4},"end":{"line":139,"column":5}},{"start":{},"end":{}}],"line":137},"7":{"loc":{"start":{"line":137,"column":8},"end":{"line":137,"column":61}},"type":"binary-expr","locations":[{"start":{"line":137,"column":8},"end":{"line":137,"column":15}},{"start":{"line":137,"column":19},"end":{"line":137,"column":23}},{"start":{"line":137,"column":27},"end":{"line":137,"column":33}},{"start":{"line":137,"column":37},"end":{"line":137,"column":48}},{"start":{"line":137,"column":52},"end":{"line":137,"column":61}}],"line":137},"8":{"loc":{"start":{"line":142,"column":4},"end":{"line":144,"column":5}},"type":"if","locations":[{"start":{"line":142,"column":4},"end":{"line":144,"column":5}},{"start":{},"end":{}}],"line":142},"9":{"loc":{"start":{"line":148,"column":4},"end":{"line":150,"column":5}},"type":"if","locations":[{"start":{"line":148,"column":4},"end":{"line":150,"column":5}},{"start":{},"end":{}}],"line":148},"10":{"loc":{"start":{"line":163,"column":4},"end":{"line":166,"column":5}},"type":"if","locations":[{"start":{"line":163,"column":4},"end":{"line":166,"column":5}},{"start":{},"end":{}}],"line":163},"11":{"loc":{"start":{"line":170,"column":4},"end":{"line":181,"column":5}},"type":"if","locations":[{"start":{"line":170,"column":4},"end":{"line":181,"column":5}},{"start":{"line":179,"column":11},"end":{"line":181,"column":5}}],"line":170},"12":{"loc":{"start":{"line":284,"column":4},"end":{"line":286,"column":5}},"type":"if","locations":[{"start":{"line":284,"column":4},"end":{"line":286,"column":5}},{"start":{},"end":{}}],"line":284},"13":{"loc":{"start":{"line":297,"column":4},"end":{"line":299,"column":5}},"type":"if","locations":[{"start":{"line":297,"column":4},"end":{"line":299,"column":5}},{"start":{},"end":{}}],"line":297},"14":{"loc":{"start":{"line":306,"column":4},"end":{"line":309,"column":5}},"type":"if","locations":[{"start":{"line":306,"column":4},"end":{"line":309,"column":5}},{"start":{},"end":{}}],"line":306},"15":{"loc":{"start":{"line":306,"column":8},"end":{"line":306,"column":38}},"type":"binary-expr","locations":[{"start":{"line":306,"column":8},"end":{"line":306,"column":11}},{"start":{"line":306,"column":15},"end":{"line":306,"column":38}}],"line":306},"16":{"loc":{"start":{"line":311,"column":4},"end":{"line":314,"column":5}},"type":"if","locations":[{"start":{"line":311,"column":4},"end":{"line":314,"column":5}},{"start":{},"end":{}}],"line":311},"17":{"loc":{"start":{"line":311,"column":8},"end":{"line":311,"column":44}},"type":"binary-expr","locations":[{"start":{"line":311,"column":8},"end":{"line":311,"column":13}},{"start":{"line":311,"column":17},"end":{"line":311,"column":44}}],"line":311},"18":{"loc":{"start":{"line":316,"column":4},"end":{"line":324,"column":5}},"type":"if","locations":[{"start":{"line":316,"column":4},"end":{"line":324,"column":5}},{"start":{},"end":{}}],"line":316},"19":{"loc":{"start":{"line":316,"column":8},"end":{"line":316,"column":45}},"type":"binary-expr","locations":[{"start":{"line":316,"column":8},"end":{"line":316,"column":24}},{"start":{"line":316,"column":28},"end":{"line":316,"column":45}}],"line":316},"20":{"loc":{"start":{"line":318,"column":6},"end":{"line":320,"column":7}},"type":"if","locations":[{"start":{"line":318,"column":6},"end":{"line":320,"column":7}},{"start":{},"end":{}}],"line":318},"21":{"loc":{"start":{"line":340,"column":4},"end":{"line":355,"column":5}},"type":"if","locations":[{"start":{"line":340,"column":4},"end":{"line":355,"column":5}},{"start":{},"end":{}}],"line":340},"22":{"loc":{"start":{"line":357,"column":4},"end":{"line":372,"column":5}},"type":"if","locations":[{"start":{"line":357,"column":4},"end":{"line":372,"column":5}},{"start":{},"end":{}}],"line":357},"23":{"loc":{"start":{"line":374,"column":4},"end":{"line":389,"column":5}},"type":"if","locations":[{"start":{"line":374,"column":4},"end":{"line":389,"column":5}},{"start":{},"end":{}}],"line":374},"24":{"loc":{"start":{"line":406,"column":4},"end":{"line":408,"column":5}},"type":"if","locations":[{"start":{"line":406,"column":4},"end":{"line":408,"column":5}},{"start":{},"end":{}}],"line":406},"25":{"loc":{"start":{"line":422,"column":4},"end":{"line":424,"column":5}},"type":"if","locations":[{"start":{"line":422,"column":4},"end":{"line":424,"column":5}},{"start":{},"end":{}}],"line":422},"26":{"loc":{"start":{"line":426,"column":4},"end":{"line":431,"column":5}},"type":"if","locations":[{"start":{"line":426,"column":4},"end":{"line":431,"column":5}},{"start":{},"end":{}}],"line":426}},"s":{"0":1,"1":1,"2":1,"3":1,"4":1,"5":1,"6":1,"7":1,"8":1,"9":1,"10":1,"11":4,"12":4,"13":4,"14":4,"15":1,"16":3,"17":1,"18":2,"19":2,"20":1,"21":1,"22":1,"23":0,"24":0,"25":5,"26":5,"27":5,"28":1,"29":4,"30":3,"31":3,"32":1,"33":2,"34":1,"35":1,"36":1,"37":1,"38":1,"39":1,"40":1,"41":1,"42":1,"43":1,"44":4,"45":4,"46":4,"47":1,"48":3,"49":3,"50":1,"51":2,"52":2,"53":1,"54":1,"55":1,"56":1,"57":1,"58":1,"59":1,"60":1,"61":1,"62":1,"63":1,"64":0,"65":1,"66":1,"67":1,"68":1,"69":1,"70":1,"71":1,"72":0,"73":0,"74":2,"75":2,"76":1,"77":2,"78":1,"79":1,"80":1,"81":1,"82":1,"83":1,"84":1,"85":0,"86":0,"87":0,"88":0,"89":0,"90":0,"91":0,"92":0,"93":0,"94":0,"95":0,"96":0,"97":0,"98":4,"99":4,"100":4,"101":1,"102":3,"103":3,"104":3,"105":3,"106":3,"107":2,"108":2,"109":3,"110":2,"111":2,"112":3,"113":2,"114":2,"115":1,"116":1,"117":1,"118":1,"119":2,"120":2,"121":2,"122":1,"123":2,"124":1,"125":2,"126":1,"127":2,"128":0,"129":0,"130":0,"131":0,"132":0,"133":0,"134":0,"135":0,"136":0,"137":0,"138":1,"139":0,"140":0,"141":0,"142":0,"143":0,"144":0,"145":0,"146":0,"147":0,"148":0,"149":0,"150":1},"f":{"0":4,"1":5,"2":4,"3":2,"4":2,"5":0,"6":0,"7":4,"8":0,"9":0},"b":{"0":[1,3],"1":[1,2],"2":[1,1],"3":[1,4],"4":[1,2],"5":[1,1],"6":[1,3],"7":[4,4,4,3,3],"8":[1,2],"9":[1,1],"10":[1,0],"11":[1,0],"12":[0,0],"13":[1,3],"14":[2,1],"15":[3,2],"16":[2,1],"17":[3,2],"18":[2,1],"19":[3,2],"20":[1,1],"21":[1,1],"22":[1,1],"23":[1,1],"24":[0,0],"25":[0,0],"26":[0,0]},"_coverageSchema":"1a1c01bbd47fc00a2c39e90264f33305004495a9","hash":"121180bf23e3a0171131a6d03da82a2aef9e99f4"}
,"C:\\Users\\momoe\\Desktop\\DEV3 project - GROUPE 14\\Dev-Web-2024\\backend\\jobs\\generateInfoNotifications.js": {"path":"C:\\Users\\momoe\\Desktop\\DEV3 project - GROUPE 14\\Dev-Web-2024\\backend\\jobs\\generateInfoNotifications.js","statementMap":{"0":{"start":{"line":1,"column":21},"end":{"line":1,"column":59}},"1":{"start":{"line":2,"column":19},"end":{"line":2,"column":55}},"2":{"start":{"line":3,"column":21},"end":{"line":3,"column":59}},"3":{"start":{"line":4,"column":20},"end":{"line":4,"column":57}},"4":{"start":{"line":5,"column":22},"end":{"line":5,"column":65}},"5":{"start":{"line":7,"column":17},"end":{"line":7,"column":36}},"6":{"start":{"line":10,"column":2},"end":{"line":59,"column":3}},"7":{"start":{"line":11,"column":16},"end":{"line":11,"column":26}},"8":{"start":{"line":12,"column":23},"end":{"line":12,"column":33}},"9":{"start":{"line":13,"column":4},"end":{"line":13,"column":39}},"10":{"start":{"line":15,"column":24},"end":{"line":15,"column":66}},"11":{"start":{"line":17,"column":4},"end":{"line":55,"column":5}},"12":{"start":{"line":18,"column":28},"end":{"line":21,"column":8}},"13":{"start":{"line":23,"column":6},"end":{"line":23,"column":42}},"14":{"start":{"line":23,"column":33},"end":{"line":23,"column":42}},"15":{"start":{"line":25,"column":6},"end":{"line":25,"column":89}},"16":{"start":{"line":25,"column":79},"end":{"line":25,"column":86}},"17":{"start":{"line":27,"column":20},"end":{"line":27,"column":78}},"18":{"start":{"line":27,"column":53},"end":{"line":27,"column":74}},"19":{"start":{"line":28,"column":22},"end":{"line":28,"column":50}},"20":{"start":{"line":30,"column":22},"end":{"line":30,"column":132}},"21":{"start":{"line":32,"column":27},"end":{"line":36,"column":8}},"22":{"start":{"line":39,"column":6},"end":{"line":52,"column":7}},"23":{"start":{"line":40,"column":21},"end":{"line":40,"column":55}},"24":{"start":{"line":41,"column":8},"end":{"line":51,"column":9}},"25":{"start":{"line":42,"column":10},"end":{"line":50,"column":11}},"26":{"start":{"line":43,"column":12},"end":{"line":47,"column":14}},"27":{"start":{"line":49,"column":12},"end":{"line":49,"column":73}},"28":{"start":{"line":54,"column":6},"end":{"line":54,"column":65}},"29":{"start":{"line":58,"column":4},"end":{"line":58,"column":70}},"30":{"start":{"line":62,"column":0},"end":{"line":62,"column":43}}},"fnMap":{"0":{"name":"generateInfoNotifications","decl":{"start":{"line":9,"column":15},"end":{"line":9,"column":40}},"loc":{"start":{"line":9,"column":43},"end":{"line":60,"column":1}},"line":9},"1":{"name":"(anonymous_1)","decl":{"start":{"line":25,"column":74},"end":{"line":25,"column":75}},"loc":{"start":{"line":25,"column":79},"end":{"line":25,"column":86}},"line":25},"2":{"name":"(anonymous_2)","decl":{"start":{"line":27,"column":41},"end":{"line":27,"column":42}},"loc":{"start":{"line":27,"column":53},"end":{"line":27,"column":74}},"line":27}},"branchMap":{"0":{"loc":{"start":{"line":23,"column":6},"end":{"line":23,"column":42}},"type":"if","locations":[{"start":{"line":23,"column":6},"end":{"line":23,"column":42}},{"start":{},"end":{}}],"line":23},"1":{"loc":{"start":{"line":41,"column":8},"end":{"line":51,"column":9}},"type":"if","locations":[{"start":{"line":41,"column":8},"end":{"line":51,"column":9}},{"start":{},"end":{}}],"line":41},"2":{"loc":{"start":{"line":41,"column":12},"end":{"line":41,"column":63}},"type":"binary-expr","locations":[{"start":{"line":41,"column":12},"end":{"line":41,"column":49}},{"start":{"line":41,"column":53},"end":{"line":41,"column":63}}],"line":41}},"s":{"0":2,"1":2,"2":2,"3":2,"4":2,"5":2,"6":4,"7":4,"8":4,"9":4,"10":4,"11":3,"12":2,"13":2,"14":1,"15":1,"16":2,"17":1,"18":2,"19":1,"20":1,"21":1,"22":1,"23":2,"24":2,"25":1,"26":1,"27":0,"28":1,"29":1,"30":2},"f":{"0":4,"1":2,"2":2},"b":{"0":[1,1],"1":[1,1],"2":[2,1]},"_coverageSchema":"1a1c01bbd47fc00a2c39e90264f33305004495a9","hash":"c2d0493c26c8e6acd84520783a04b0838b01a91d"}
,"C:\\Users\\momoe\\Desktop\\DEV3 project - GROUPE 14\\Dev-Web-2024\\backend\\middleware\\authDevice.js": {"path":"C:\\Users\\momoe\\Desktop\\DEV3 project - GROUPE 14\\Dev-Web-2024\\backend\\middleware\\authDevice.js","statementMap":{"0":{"start":{"line":1,"column":0},"end":{"line":1,"column":27}},"1":{"start":{"line":2,"column":12},"end":{"line":2,"column":35}},"2":{"start":{"line":3,"column":19},"end":{"line":3,"column":55}},"3":{"start":{"line":5,"column":19},"end":{"line":5,"column":41}},"4":{"start":{"line":8,"column":21},"end":{"line":8,"column":49}},"5":{"start":{"line":9,"column":2},"end":{"line":9,"column":78}},"6":{"start":{"line":9,"column":19},"end":{"line":9,"column":78}},"7":{"start":{"line":11,"column":16},"end":{"line":11,"column":40}},"8":{"start":{"line":12,"column":2},"end":{"line":27,"column":3}},"9":{"start":{"line":13,"column":20},"end":{"line":13,"column":49}},"10":{"start":{"line":14,"column":21},"end":{"line":14,"column":37}},"11":{"start":{"line":16,"column":4},"end":{"line":16,"column":88}},"12":{"start":{"line":16,"column":19},"end":{"line":16,"column":88}},"13":{"start":{"line":18,"column":23},"end":{"line":18,"column":80}},"14":{"start":{"line":19,"column":4},"end":{"line":19,"column":85}},"15":{"start":{"line":19,"column":21},"end":{"line":19,"column":85}},"16":{"start":{"line":21,"column":4},"end":{"line":21,"column":28}},"17":{"start":{"line":22,"column":4},"end":{"line":22,"column":32}},"18":{"start":{"line":23,"column":4},"end":{"line":23,"column":53}},"19":{"start":{"line":24,"column":4},"end":{"line":24,"column":11}},"20":{"start":{"line":26,"column":4},"end":{"line":26,"column":80}},"21":{"start":{"line":30,"column":0},"end":{"line":30,"column":37}}},"fnMap":{"0":{"name":"verifAuthDevice","decl":{"start":{"line":7,"column":15},"end":{"line":7,"column":30}},"loc":{"start":{"line":7,"column":47},"end":{"line":28,"column":1}},"line":7}},"branchMap":{"0":{"loc":{"start":{"line":9,"column":2},"end":{"line":9,"column":78}},"type":"if","locations":[{"start":{"line":9,"column":2},"end":{"line":9,"column":78}},{"start":{},"end":{}}],"line":9},"1":{"loc":{"start":{"line":16,"column":4},"end":{"line":16,"column":88}},"type":"if","locations":[{"start":{"line":16,"column":4},"end":{"line":16,"column":88}},{"start":{},"end":{}}],"line":16},"2":{"loc":{"start":{"line":19,"column":4},"end":{"line":19,"column":85}},"type":"if","locations":[{"start":{"line":19,"column":4},"end":{"line":19,"column":85}},{"start":{},"end":{}}],"line":19}},"s":{"0":5,"1":5,"2":5,"3":5,"4":5,"5":5,"6":1,"7":4,"8":4,"9":4,"10":3,"11":3,"12":1,"13":2,"14":2,"15":1,"16":1,"17":1,"18":1,"19":1,"20":1,"21":5},"f":{"0":5},"b":{"0":[1,4],"1":[1,2],"2":[1,1]},"_coverageSchema":"1a1c01bbd47fc00a2c39e90264f33305004495a9","hash":"d1f2771cb7247aa67d23614b7ca596eba9320c95"}
,"C:\\Users\\momoe\\Desktop\\DEV3 project - GROUPE 14\\Dev-Web-2024\\backend\\middleware\\authUtilisateur.js": {"path":"C:\\Users\\momoe\\Desktop\\DEV3 project - GROUPE 14\\Dev-Web-2024\\backend\\middleware\\authUtilisateur.js","statementMap":{"0":{"start":{"line":1,"column":0},"end":{"line":1,"column":27}},"1":{"start":{"line":2,"column":12},"end":{"line":2,"column":35}},"2":{"start":{"line":3,"column":20},"end":{"line":3,"column":57}},"3":{"start":{"line":5,"column":19},"end":{"line":5,"column":41}},"4":{"start":{"line":8,"column":21},"end":{"line":8,"column":49}},"5":{"start":{"line":9,"column":16},"end":{"line":9,"column":54}},"6":{"start":{"line":11,"column":2},"end":{"line":11,"column":71}},"7":{"start":{"line":11,"column":14},"end":{"line":11,"column":71}},"8":{"start":{"line":13,"column":2},"end":{"line":27,"column":3}},"9":{"start":{"line":14,"column":20},"end":{"line":14,"column":49}},"10":{"start":{"line":15,"column":24},"end":{"line":15,"column":62}},"11":{"start":{"line":17,"column":4},"end":{"line":19,"column":5}},"12":{"start":{"line":18,"column":6},"end":{"line":18,"column":74}},"13":{"start":{"line":21,"column":4},"end":{"line":21,"column":34}},"14":{"start":{"line":22,"column":4},"end":{"line":22,"column":33}},"15":{"start":{"line":23,"column":4},"end":{"line":23,"column":70}},"16":{"start":{"line":24,"column":4},"end":{"line":24,"column":11}},"17":{"start":{"line":26,"column":4},"end":{"line":26,"column":73}},"18":{"start":{"line":30,"column":0},"end":{"line":30,"column":42}}},"fnMap":{"0":{"name":"verifAuthUtilisateur","decl":{"start":{"line":7,"column":15},"end":{"line":7,"column":35}},"loc":{"start":{"line":7,"column":52},"end":{"line":28,"column":1}},"line":7}},"branchMap":{"0":{"loc":{"start":{"line":9,"column":16},"end":{"line":9,"column":54}},"type":"binary-expr","locations":[{"start":{"line":9,"column":16},"end":{"line":9,"column":26}},{"start":{"line":9,"column":30},"end":{"line":9,"column":54}}],"line":9},"1":{"loc":{"start":{"line":11,"column":2},"end":{"line":11,"column":71}},"type":"if","locations":[{"start":{"line":11,"column":2},"end":{"line":11,"column":71}},{"start":{},"end":{}}],"line":11},"2":{"loc":{"start":{"line":17,"column":4},"end":{"line":19,"column":5}},"type":"if","locations":[{"start":{"line":17,"column":4},"end":{"line":19,"column":5}},{"start":{},"end":{}}],"line":17}},"s":{"0":4,"1":4,"2":4,"3":4,"4":4,"5":4,"6":4,"7":1,"8":3,"9":3,"10":2,"11":2,"12":1,"13":1,"14":1,"15":1,"16":1,"17":1,"18":4},"f":{"0":4},"b":{"0":[4,3],"1":[1,3],"2":[1,1]},"_coverageSchema":"1a1c01bbd47fc00a2c39e90264f33305004495a9","hash":"9c5ef703b8b5025eac190a3589713b26b702e834"}
,"C:\\Users\\momoe\\Desktop\\DEV3 project - GROUPE 14\\Dev-Web-2024\\backend\\middleware\\autoriserAppareils.js": {"path":"C:\\Users\\momoe\\Desktop\\DEV3 project - GROUPE 14\\Dev-Web-2024\\backend\\middleware\\autoriserAppareils.js","statementMap":{"0":{"start":{"line":2,"column":12},"end":{"line":2,"column":35}},"1":{"start":{"line":3,"column":19},"end":{"line":3,"column":41}},"2":{"start":{"line":6,"column":2},"end":{"line":6,"column":63}},"3":{"start":{"line":8,"column":21},"end":{"line":8,"column":46}},"4":{"start":{"line":9,"column":2},"end":{"line":9,"column":76}},"5":{"start":{"line":9,"column":19},"end":{"line":9,"column":76}},"6":{"start":{"line":11,"column":16},"end":{"line":13,"column":16}},"7":{"start":{"line":15,"column":2},"end":{"line":29,"column":3}},"8":{"start":{"line":16,"column":20},"end":{"line":16,"column":49}},"9":{"start":{"line":18,"column":4},"end":{"line":24,"column":5}},"10":{"start":{"line":19,"column":6},"end":{"line":19,"column":30}},"11":{"start":{"line":20,"column":11},"end":{"line":24,"column":5}},"12":{"start":{"line":21,"column":6},"end":{"line":21,"column":38}},"13":{"start":{"line":23,"column":6},"end":{"line":23,"column":80}},"14":{"start":{"line":26,"column":4},"end":{"line":26,"column":11}},"15":{"start":{"line":28,"column":4},"end":{"line":28,"column":73}},"16":{"start":{"line":32,"column":0},"end":{"line":32,"column":36}}},"fnMap":{"0":{"name":"autoriserAppareils","decl":{"start":{"line":5,"column":9},"end":{"line":5,"column":27}},"loc":{"start":{"line":5,"column":44},"end":{"line":30,"column":1}},"line":5}},"branchMap":{"0":{"loc":{"start":{"line":9,"column":2},"end":{"line":9,"column":76}},"type":"if","locations":[{"start":{"line":9,"column":2},"end":{"line":9,"column":76}},{"start":{},"end":{}}],"line":9},"1":{"loc":{"start":{"line":11,"column":16},"end":{"line":13,"column":16}},"type":"cond-expr","locations":[{"start":{"line":12,"column":6},"end":{"line":12,"column":30}},{"start":{"line":13,"column":6},"end":{"line":13,"column":16}}],"line":11},"2":{"loc":{"start":{"line":18,"column":4},"end":{"line":24,"column":5}},"type":"if","locations":[{"start":{"line":18,"column":4},"end":{"line":24,"column":5}},{"start":{"line":20,"column":11},"end":{"line":24,"column":5}}],"line":18},"3":{"loc":{"start":{"line":20,"column":11},"end":{"line":24,"column":5}},"type":"if","locations":[{"start":{"line":20,"column":11},"end":{"line":24,"column":5}},{"start":{"line":22,"column":11},"end":{"line":24,"column":5}}],"line":20}},"s":{"0":5,"1":5,"2":5,"3":5,"4":5,"5":1,"6":4,"7":4,"8":4,"9":3,"10":1,"11":2,"12":1,"13":1,"14":2,"15":1,"16":5},"f":{"0":5},"b":{"0":[1,4],"1":[3,1],"2":[1,2],"3":[1,1]},"_coverageSchema":"1a1c01bbd47fc00a2c39e90264f33305004495a9","hash":"df21df338178a96958fdd84df20cb74a601d6592"}
,"C:\\Users\\momoe\\Desktop\\DEV3 project - GROUPE 14\\Dev-Web-2024\\backend\\middleware\\upload.js": {"path":"C:\\Users\\momoe\\Desktop\\DEV3 project - GROUPE 14\\Dev-Web-2024\\backend\\middleware\\upload.js","statementMap":{"0":{"start":{"line":1,"column":15},"end":{"line":1,"column":32}},"1":{"start":{"line":2,"column":13},"end":{"line":2,"column":28}},"2":{"start":{"line":4,"column":16},"end":{"line":13,"column":2}},"3":{"start":{"line":6,"column":4},"end":{"line":6,"column":33}},"4":{"start":{"line":9,"column":25},"end":{"line":9,"column":35}},"5":{"start":{"line":10,"column":16},"end":{"line":10,"column":47}},"6":{"start":{"line":11,"column":4},"end":{"line":11,"column":38}},"7":{"start":{"line":15,"column":0},"end":{"line":15,"column":37}}},"fnMap":{"0":{"name":"(anonymous_0)","decl":{"start":{"line":5,"column":15},"end":{"line":5,"column":16}},"loc":{"start":{"line":5,"column":34},"end":{"line":7,"column":3}},"line":5},"1":{"name":"(anonymous_1)","decl":{"start":{"line":8,"column":12},"end":{"line":8,"column":13}},"loc":{"start":{"line":8,"column":31},"end":{"line":12,"column":3}},"line":8}},"branchMap":{},"s":{"0":4,"1":4,"2":4,"3":1,"4":1,"5":1,"6":1,"7":4},"f":{"0":1,"1":1},"b":{},"_coverageSchema":"1a1c01bbd47fc00a2c39e90264f33305004495a9","hash":"fa185ee856fa24f702f396fef27cf0b92a1db110"}
,"C:\\Users\\momoe\\Desktop\\DEV3 project - GROUPE 14\\Dev-Web-2024\\backend\\models\\appareilModel.js": {"path":"C:\\Users\\momoe\\Desktop\\DEV3 project - GROUPE 14\\Dev-Web-2024\\backend\\models\\appareilModel.js","statementMap":{"0":{"start":{"line":1,"column":17},"end":{"line":1,"column":36}},"1":{"start":{"line":3,"column":23},"end":{"line":44,"column":2}},"2":{"start":{"line":46,"column":0},"end":{"line":46,"column":60}}},"fnMap":{},"branchMap":{},"s":{"0":3,"1":3,"2":3},"f":{},"b":{},"_coverageSchema":"1a1c01bbd47fc00a2c39e90264f33305004495a9","hash":"1995be271c34d99eb655c91df6a975330ee2c67b"}
,"C:\\Users\\momoe\\Desktop\\DEV3 project - GROUPE 14\\Dev-Web-2024\\backend\\models\\consommationModel.js": {"path":"C:\\Users\\momoe\\Desktop\\DEV3 project - GROUPE 14\\Dev-Web-2024\\backend\\models\\consommationModel.js","statementMap":{"0":{"start":{"line":1,"column":17},"end":{"line":1,"column":36}},"1":{"start":{"line":3,"column":27},"end":{"line":17,"column":2}},"2":{"start":{"line":19,"column":0},"end":{"line":19,"column":68}}},"fnMap":{},"branchMap":{},"s":{"0":3,"1":3,"2":3},"f":{},"b":{},"_coverageSchema":"1a1c01bbd47fc00a2c39e90264f33305004495a9","hash":"3da7d4cb7f2cb1d1f8f90926546aed6cde4d9f18"}
,"C:\\Users\\momoe\\Desktop\\DEV3 project - GROUPE 14\\Dev-Web-2024\\backend\\models\\multipriseModel.js": {"path":"C:\\Users\\momoe\\Desktop\\DEV3 project - GROUPE 14\\Dev-Web-2024\\backend\\models\\multipriseModel.js","statementMap":{"0":{"start":{"line":1,"column":17},"end":{"line":1,"column":36}},"1":{"start":{"line":3,"column":25},"end":{"line":31,"column":2}},"2":{"start":{"line":33,"column":0},"end":{"line":33,"column":64}}},"fnMap":{},"branchMap":{},"s":{"0":6,"1":6,"2":6},"f":{},"b":{},"_coverageSchema":"1a1c01bbd47fc00a2c39e90264f33305004495a9","hash":"d049597a1f3399b175a5c51d39c685914412059b"}
,"C:\\Users\\momoe\\Desktop\\DEV3 project - GROUPE 14\\Dev-Web-2024\\backend\\models\\notificationModel.js": {"path":"C:\\Users\\momoe\\Desktop\\DEV3 project - GROUPE 14\\Dev-Web-2024\\backend\\models\\notificationModel.js","statementMap":{"0":{"start":{"line":3,"column":17},"end":{"line":3,"column":36}},"1":{"start":{"line":5,"column":27},"end":{"line":12,"column":24}},"2":{"start":{"line":14,"column":0},"end":{"line":14,"column":68}}},"fnMap":{},"branchMap":{},"s":{"0":3,"1":3,"2":3},"f":{},"b":{},"_coverageSchema":"1a1c01bbd47fc00a2c39e90264f33305004495a9","hash":"fb2fa9b68dfae61400d8afc28ae2f4fa621ac42b"}
,"C:\\Users\\momoe\\Desktop\\DEV3 project - GROUPE 14\\Dev-Web-2024\\backend\\models\\utilisateurModel.js": {"path":"C:\\Users\\momoe\\Desktop\\DEV3 project - GROUPE 14\\Dev-Web-2024\\backend\\models\\utilisateurModel.js","statementMap":{"0":{"start":{"line":3,"column":17},"end":{"line":3,"column":36}},"1":{"start":{"line":4,"column":15},"end":{"line":4,"column":32}},"2":{"start":{"line":7,"column":26},"end":{"line":20,"column":24}},"3":{"start":{"line":24,"column":0},"end":{"line":29,"column":3}},"4":{"start":{"line":25,"column":2},"end":{"line":25,"column":52}},"5":{"start":{"line":25,"column":38},"end":{"line":25,"column":52}},"6":{"start":{"line":26,"column":15},"end":{"line":26,"column":39}},"7":{"start":{"line":27,"column":2},"end":{"line":27,"column":61}},"8":{"start":{"line":28,"column":2},"end":{"line":28,"column":9}},"9":{"start":{"line":31,"column":0},"end":{"line":31,"column":66}}},"fnMap":{"0":{"name":"(anonymous_0)","decl":{"start":{"line":24,"column":30},"end":{"line":24,"column":31}},"loc":{"start":{"line":24,"column":51},"end":{"line":29,"column":1}},"line":24}},"branchMap":{"0":{"loc":{"start":{"line":25,"column":2},"end":{"line":25,"column":52}},"type":"if","locations":[{"start":{"line":25,"column":2},"end":{"line":25,"column":52}},{"start":{},"end":{}}],"line":25}},"s":{"0":5,"1":5,"2":5,"3":5,"4":0,"5":0,"6":0,"7":0,"8":0,"9":5},"f":{"0":0},"b":{"0":[0,0]},"_coverageSchema":"1a1c01bbd47fc00a2c39e90264f33305004495a9","hash":"d62f8b5966e051ee6adaec6e7b8437dc52cc4e2e"}
,"C:\\Users\\momoe\\Desktop\\DEV3 project - GROUPE 14\\Dev-Web-2024\\backend\\services\\notificationsService.js": {"path":"C:\\Users\\momoe\\Desktop\\DEV3 project - GROUPE 14\\Dev-Web-2024\\backend\\services\\notificationsService.js","statementMap":{"0":{"start":{"line":1,"column":19},"end":{"line":1,"column":40}},"1":{"start":{"line":2,"column":15},"end":{"line":2,"column":32}},"2":{"start":{"line":3,"column":0},"end":{"line":3,"column":27}},"3":{"start":{"line":6,"column":20},"end":{"line":12,"column":2}},"4":{"start":{"line":18,"column":18},"end":{"line":31,"column":1}},"5":{"start":{"line":19,"column":4},"end":{"line":30,"column":5}},"6":{"start":{"line":20,"column":6},"end":{"line":20,"column":84}},"7":{"start":{"line":21,"column":19},"end":{"line":26,"column":8}},"8":{"start":{"line":27,"column":6},"end":{"line":27,"column":67}},"9":{"start":{"line":29,"column":6},"end":{"line":29,"column":64}},"10":{"start":{"line":36,"column":15},"end":{"line":36,"column":76}},"11":{"start":{"line":38,"column":16},"end":{"line":49,"column":1}},"12":{"start":{"line":39,"column":2},"end":{"line":48,"column":3}},"13":{"start":{"line":40,"column":4},"end":{"line":44,"column":7}},"14":{"start":{"line":45,"column":4},"end":{"line":45,"column":41}},"15":{"start":{"line":47,"column":4},"end":{"line":47,"column":53}},"16":{"start":{"line":50,"column":0},"end":{"line":50,"column":73}},"17":{"start":{"line":52,"column":0},"end":{"line":58,"column":5}},"18":{"start":{"line":53,"column":2},"end":{"line":57,"column":3}},"19":{"start":{"line":54,"column":4},"end":{"line":54,"column":97}},"20":{"start":{"line":56,"column":4},"end":{"line":56,"column":50}},"21":{"start":{"line":60,"column":0},"end":{"line":60,"column":40}}},"fnMap":{"0":{"name":"(anonymous_0)","decl":{"start":{"line":18,"column":18},"end":{"line":18,"column":19}},"loc":{"start":{"line":18,"column":50},"end":{"line":31,"column":1}},"line":18},"1":{"name":"(anonymous_1)","decl":{"start":{"line":38,"column":16},"end":{"line":38,"column":17}},"loc":{"start":{"line":38,"column":39},"end":{"line":49,"column":1}},"line":38},"2":{"name":"(anonymous_2)","decl":{"start":{"line":52,"column":1},"end":{"line":52,"column":2}},"loc":{"start":{"line":52,"column":13},"end":{"line":58,"column":1}},"line":52}},"branchMap":{},"s":{"0":2,"1":2,"2":2,"3":2,"4":2,"5":4,"6":4,"7":4,"8":2,"9":2,"10":2,"11":2,"12":2,"13":2,"14":1,"15":1,"16":2,"17":2,"18":2,"19":2,"20":0,"21":2},"f":{"0":4,"1":2,"2":2},"b":{},"_coverageSchema":"1a1c01bbd47fc00a2c39e90264f33305004495a9","hash":"61dc5b682cdedcf4d32cb43455704137e79e766c"}
}
