TN:
SF:controllers\appareilController.js
FN:5,(anonymous_0)
FN:11,(anonymous_1)
FN:29,(anonymous_2)
FN:35,(anonymous_3)
FN:62,(anonymous_4)
FN:87,(anonymous_5)
FN:111,(anonymous_6)
FN:121,(anonymous_7)
FNF:8
FNH:5
FNDA:0,(anonymous_0)
FNDA:0,(anonymous_1)
FNDA:3,(anonymous_2)
FNDA:2,(anonymous_3)
FNDA:0,(anonymous_4)
FNDA:4,(anonymous_5)
FNDA:3,(anonymous_6)
FNDA:2,(anonymous_7)
DA:1,1
DA:2,1
DA:5,1
DA:6,0
DA:7,0
DA:9,0
DA:10,0
DA:11,0
DA:12,0
DA:13,0
DA:14,0
DA:15,0
DA:16,0
DA:18,0
DA:21,0
DA:23,0
DA:24,0
DA:29,1
DA:30,3
DA:31,3
DA:32,3
DA:34,3
DA:35,2
DA:37,2
DA:43,2
DA:44,1
DA:47,1
DA:53,1
DA:54,1
DA:56,1
DA:57,1
DA:62,1
DA:63,0
DA:64,0
DA:65,0
DA:67,0
DA:69,0
DA:71,0
DA:78,0
DA:79,0
DA:81,0
DA:82,0
DA:87,1
DA:88,4
DA:89,4
DA:90,3
DA:92,2
DA:94,2
DA:95,2
DA:96,1
DA:99,1
DA:100,1
DA:101,1
DA:103,1
DA:105,1
DA:106,1
DA:111,1
DA:112,3
DA:113,3
DA:114,3
DA:116,3
DA:117,3
DA:118,3
DA:120,3
DA:121,2
DA:123,2
DA:135,2
DA:136,1
DA:139,1
DA:142,1
DA:143,1
LF:71
LH:47
BRDA:9,0,0,0
BRDA:9,0,1,0
BRDA:13,1,0,0
BRDA:13,1,1,0
BRDA:15,2,0,0
BRDA:15,2,1,0
BRDA:43,3,0,1
BRDA:43,3,1,1
BRDA:53,4,0,1
BRDA:53,4,1,0
BRDA:65,5,0,0
BRDA:65,5,1,0
BRDA:90,6,0,1
BRDA:90,6,1,2
BRDA:95,7,0,1
BRDA:95,7,1,1
BRDA:135,8,0,1
BRDA:135,8,1,1
BRF:18
BRH:9
end_of_record
TN:
SF:controllers\consommationController.js
FN:10,(anonymous_0)
FN:30,(anonymous_1)
FN:37,(anonymous_2)
FN:106,(anonymous_3)
FN:155,(anonymous_4)
FN:168,(anonymous_5)
FN:196,(anonymous_6)
FN:223,(anonymous_7)
FN:261,(anonymous_8)
FN:296,(anonymous_9)
FN:312,(anonymous_10)
FNF:11
FNH:5
FNDA:3,(anonymous_0)
FNDA:1,(anonymous_1)
FNDA:1,(anonymous_2)
FNDA:3,(anonymous_3)
FNDA:0,(anonymous_4)
FNDA:0,(anonymous_5)
FNDA:0,(anonymous_6)
FNDA:4,(anonymous_7)
FNDA:0,(anonymous_8)
FNDA:0,(anonymous_9)
FNDA:0,(anonymous_10)
DA:1,1
DA:2,1
DA:3,1
DA:4,1
DA:5,1
DA:6,1
DA:7,1
DA:10,1
DA:11,3
DA:12,3
DA:14,3
DA:15,1
DA:19,2
DA:21,2
DA:22,1
DA:25,1
DA:26,0
DA:28,1
DA:29,1
DA:30,1
DA:33,1
DA:36,1
DA:37,1
DA:39,1
DA:40,0
DA:44,1
DA:50,1
DA:53,1
DA:54,1
DA:67,1
DA:68,1
DA:69,1
DA:72,1
DA:74,1
DA:81,1
DA:84,1
DA:85,1
DA:87,1
DA:88,1
DA:89,1
DA:90,1
DA:91,1
DA:93,0
DA:99,1
DA:101,0
DA:102,0
DA:106,1
DA:107,3
DA:108,3
DA:109,3
DA:110,1
DA:113,2
DA:114,0
DA:117,2
DA:118,2
DA:119,1
DA:122,1
DA:123,1
DA:124,2
DA:125,0
DA:128,2
DA:134,2
DA:135,2
DA:138,2
DA:139,2
DA:147,1
DA:149,0
DA:150,0
DA:155,1
DA:156,0
DA:157,0
DA:158,0
DA:159,0
DA:161,0
DA:163,0
DA:164,0
DA:168,1
DA:169,0
DA:170,0
DA:172,0
DA:174,0
DA:175,0
DA:176,0
DA:177,0
DA:178,0
DA:180,0
DA:181,0
DA:182,0
DA:187,0
DA:190,0
DA:191,0
DA:194,0
DA:196,0
DA:197,0
DA:198,0
DA:203,0
DA:214,0
DA:216,0
DA:217,0
DA:223,1
DA:224,4
DA:225,4
DA:227,3
DA:228,1
DA:231,2
DA:232,2
DA:234,2
DA:235,2
DA:237,2
DA:238,0
DA:239,0
DA:242,2
DA:243,1
DA:246,1
DA:254,1
DA:255,1
DA:261,1
DA:262,0
DA:263,0
DA:264,0
DA:266,0
DA:267,0
DA:269,0
DA:270,0
DA:273,0
DA:274,0
DA:275,0
DA:276,0
DA:278,0
DA:279,0
DA:282,0
DA:287,0
DA:288,0
DA:296,0
DA:297,0
DA:299,0
DA:306,0
DA:307,0
DA:312,1
DA:313,0
DA:314,0
DA:316,0
DA:317,0
DA:319,0
DA:320,0
DA:322,0
DA:323,0
DA:324,0
DA:326,0
DA:327,0
LF:150
LH:78
BRDA:14,0,0,1
BRDA:14,0,1,2
BRDA:14,1,0,3
BRDA:14,1,1,2
BRDA:21,2,0,1
BRDA:21,2,1,1
BRDA:25,3,0,0
BRDA:25,3,1,1
BRDA:25,4,0,1
BRDA:25,4,1,1
BRDA:36,5,0,1
BRDA:36,5,1,1
BRDA:39,6,0,0
BRDA:39,6,1,1
BRDA:53,7,0,1
BRDA:53,7,1,0
BRDA:68,8,0,1
BRDA:68,8,1,0
BRDA:72,9,0,1
BRDA:72,9,1,0
BRDA:89,10,0,1
BRDA:89,10,1,0
BRDA:89,11,0,1
BRDA:89,11,1,1
BRDA:109,12,0,1
BRDA:109,12,1,2
BRDA:109,13,0,3
BRDA:109,13,1,3
BRDA:113,14,0,0
BRDA:113,14,1,2
BRDA:118,15,0,1
BRDA:118,15,1,1
BRDA:124,16,0,0
BRDA:124,16,1,2
BRDA:130,17,0,0
BRDA:130,17,1,2
BRDA:138,18,0,2
BRDA:138,18,1,0
BRDA:158,19,0,0
BRDA:158,19,1,0
BRDA:174,20,0,0
BRDA:174,20,1,0
BRDA:174,21,0,0
BRDA:174,21,1,0
BRDA:176,22,0,0
BRDA:176,22,1,0
BRDA:178,23,0,0
BRDA:178,23,1,0
BRDA:180,24,0,0
BRDA:180,24,1,0
BRDA:182,25,0,0
BRDA:182,25,1,0
BRDA:190,26,0,0
BRDA:190,26,1,0
BRDA:190,27,0,0
BRDA:190,27,1,0
BRDA:227,28,0,1
BRDA:227,28,1,2
BRDA:237,29,0,0
BRDA:237,29,1,2
BRDA:242,30,0,1
BRDA:242,30,1,1
BRDA:266,31,0,0
BRDA:266,31,1,0
BRDA:266,32,0,0
BRDA:266,32,1,0
BRDA:266,32,2,0
BRDA:269,33,0,0
BRDA:269,33,1,0
BRDA:275,34,0,0
BRDA:275,34,1,0
BRDA:278,35,0,0
BRDA:278,35,1,0
BRDA:287,36,0,0
BRDA:287,36,1,0
BRF:75
BRH:33
end_of_record
TN:
SF:controllers\notificationController.js
FN:10,(anonymous_0)
FN:48,(anonymous_1)
FN:66,(anonymous_2)
FN:97,(anonymous_3)
FN:108,(anonymous_4)
FN:122,(anonymous_5)
FNF:6
FNH:6
FNDA:5,(anonymous_0)
FNDA:2,(anonymous_1)
FNDA:3,(anonymous_2)
FNDA:4,(anonymous_3)
FNDA:2,(anonymous_4)
FNDA:2,(anonymous_5)
DA:3,1
DA:4,1
DA:5,1
DA:10,1
DA:11,5
DA:12,5
DA:15,5
DA:16,1
DA:19,4
DA:26,3
DA:27,3
DA:28,2
DA:29,2
DA:34,1
DA:35,1
DA:37,1
DA:41,3
DA:43,1
DA:44,1
DA:48,1
DA:49,2
DA:50,2
DA:52,2
DA:58,1
DA:60,1
DA:61,1
DA:66,1
DA:67,3
DA:68,3
DA:70,2
DA:71,1
DA:74,1
DA:75,2
DA:76,2
DA:77,2
DA:78,2
DA:79,2
DA:81,0
DA:86,1
DA:87,1
DA:89,1
DA:91,1
DA:92,1
DA:97,1
DA:98,4
DA:99,4
DA:101,3
DA:102,1
DA:106,2
DA:108,2
DA:109,1
DA:112,1
DA:113,1
DA:115,1
DA:116,1
DA:120,1
DA:122,1
DA:123,2
DA:124,2
DA:125,1
DA:127,1
DA:128,1
LF:62
LH:61
BRDA:15,0,0,1
BRDA:15,0,1,4
BRDA:15,1,0,5
BRDA:15,1,1,4
BRDA:27,2,0,2
BRDA:27,2,1,1
BRDA:27,3,0,3
BRDA:27,3,1,2
BRDA:70,4,0,1
BRDA:70,4,1,1
BRDA:76,5,0,2
BRDA:76,5,1,0
BRDA:76,6,0,2
BRDA:76,6,1,2
BRDA:101,7,0,1
BRDA:101,7,1,2
BRDA:108,8,0,1
BRDA:108,8,1,1
BRF:18
BRH:17
end_of_record
TN:
SF:controllers\utilisateurController.js
FN:19,login
FN:58,verifierEmail
FN:133,register
FN:241,supprimerMonCompte
FN:244,(anonymous_4)
FN:259,updatePreferences
FN:281,getMonProfil
FN:294,mettreAJourProfil
FN:403,updateMonProfil
FN:417,(anonymous_9)
FNF:10
FNH:6
FNDA:4,login
FNDA:5,verifierEmail
FNDA:4,register
FNDA:2,supprimerMonCompte
FNDA:2,(anonymous_4)
FNDA:0,updatePreferences
FNDA:0,getMonProfil
FNDA:4,mettreAJourProfil
FNDA:0,updateMonProfil
FNDA:0,(anonymous_9)
DA:3,1
DA:4,1
DA:5,1
DA:6,1
DA:7,1
DA:8,1
DA:9,1
DA:10,1
DA:11,1
DA:15,1
DA:17,1
DA:20,4
DA:21,4
DA:24,4
DA:25,4
DA:26,1
DA:30,3
DA:31,1
DA:35,2
DA:36,2
DA:37,1
DA:41,1
DA:43,1
DA:54,0
DA:55,0
DA:59,5
DA:60,5
DA:61,5
DA:62,1
DA:65,4
DA:66,3
DA:67,3
DA:68,1
DA:71,2
DA:72,1
DA:75,1
DA:76,1
DA:78,1
DA:88,1
DA:118,1
DA:119,1
DA:121,1
DA:124,1
DA:125,1
DA:134,4
DA:135,4
DA:137,4
DA:138,1
DA:141,3
DA:142,3
DA:143,1
DA:147,2
DA:148,2
DA:149,1
DA:153,1
DA:160,1
DA:163,1
DA:164,1
DA:165,1
DA:169,1
DA:170,1
DA:171,1
DA:177,1
DA:178,1
DA:180,0
DA:184,1
DA:190,1
DA:193,1
DA:203,1
DA:223,1
DA:224,1
DA:226,1
DA:231,0
DA:232,0
DA:242,2
DA:243,2
DA:244,2
DA:246,1
DA:247,1
DA:248,1
DA:249,1
DA:251,1
DA:253,1
DA:254,1
DA:260,0
DA:261,0
DA:262,0
DA:273,0
DA:275,0
DA:276,0
DA:282,0
DA:283,0
DA:284,0
DA:285,0
DA:287,0
DA:289,0
DA:290,0
DA:295,4
DA:296,4
DA:297,4
DA:298,1
DA:301,3
DA:302,3
DA:303,3
DA:304,3
DA:306,3
DA:307,2
DA:308,2
DA:311,3
DA:312,2
DA:313,2
DA:316,3
DA:317,2
DA:318,2
DA:319,1
DA:321,1
DA:322,1
DA:323,1
DA:326,2
DA:329,2
DA:340,2
DA:341,1
DA:357,2
DA:358,1
DA:374,2
DA:375,1
DA:391,2
DA:394,0
DA:395,0
DA:404,0
DA:405,0
DA:406,0
DA:407,0
DA:409,0
DA:410,0
DA:412,0
DA:413,0
DA:417,1
DA:418,0
DA:419,0
DA:422,0
DA:423,0
DA:426,0
DA:428,0
DA:429,0
DA:433,0
DA:435,0
DA:440,0
DA:441,0
DA:446,1
LF:150
LH:111
BRDA:25,0,0,1
BRDA:25,0,1,3
BRDA:30,1,0,1
BRDA:30,1,1,2
BRDA:36,2,0,1
BRDA:36,2,1,1
BRDA:61,3,0,1
BRDA:61,3,1,4
BRDA:67,4,0,1
BRDA:67,4,1,2
BRDA:71,5,0,1
BRDA:71,5,1,1
BRDA:137,6,0,1
BRDA:137,6,1,3
BRDA:137,7,0,4
BRDA:137,7,1,4
BRDA:137,7,2,4
BRDA:137,7,3,3
BRDA:137,7,4,3
BRDA:142,8,0,1
BRDA:142,8,1,2
BRDA:148,9,0,1
BRDA:148,9,1,1
BRDA:163,10,0,1
BRDA:163,10,1,0
BRDA:170,11,0,1
BRDA:170,11,1,0
BRDA:284,12,0,0
BRDA:284,12,1,0
BRDA:297,13,0,1
BRDA:297,13,1,3
BRDA:306,14,0,2
BRDA:306,14,1,1
BRDA:306,15,0,3
BRDA:306,15,1,2
BRDA:311,16,0,2
BRDA:311,16,1,1
BRDA:311,17,0,3
BRDA:311,17,1,2
BRDA:316,18,0,2
BRDA:316,18,1,1
BRDA:316,19,0,3
BRDA:316,19,1,2
BRDA:318,20,0,1
BRDA:318,20,1,1
BRDA:340,21,0,1
BRDA:340,21,1,1
BRDA:357,22,0,1
BRDA:357,22,1,1
BRDA:374,23,0,1
BRDA:374,23,1,1
BRDA:406,24,0,0
BRDA:406,24,1,0
BRDA:422,25,0,0
BRDA:422,25,1,0
BRDA:426,26,0,0
BRDA:426,26,1,0
BRF:57
BRH:47
end_of_record
TN:
SF:jobs\generateInfoNotifications.js
FN:9,generateInfoNotifications
FN:25,(anonymous_1)
FN:27,(anonymous_2)
FNF:3
FNH:3
FNDA:4,generateInfoNotifications
FNDA:2,(anonymous_1)
FNDA:2,(anonymous_2)
DA:1,2
DA:2,2
DA:3,2
DA:4,2
DA:5,2
DA:7,2
DA:10,4
DA:11,4
DA:12,4
DA:13,4
DA:15,4
DA:17,3
DA:18,2
DA:23,2
DA:25,2
DA:27,2
DA:28,1
DA:30,1
DA:32,1
DA:39,1
DA:40,2
DA:41,2
DA:42,1
DA:43,1
DA:49,0
DA:54,1
DA:58,1
DA:62,2
LF:28
LH:27
BRDA:23,0,0,1
BRDA:23,0,1,1
BRDA:41,1,0,1
BRDA:41,1,1,1
BRDA:41,2,0,2
BRDA:41,2,1,1
BRF:6
BRH:6
end_of_record
TN:
SF:middleware\authDevice.js
FN:7,verifAuthDevice
FNF:1
FNH:1
FNDA:5,verifAuthDevice
DA:1,5
DA:2,5
DA:3,5
DA:5,5
DA:8,5
DA:9,5
DA:11,4
DA:12,4
DA:13,4
DA:14,3
DA:16,3
DA:18,2
DA:19,2
DA:21,1
DA:22,1
DA:23,1
DA:24,1
DA:26,1
DA:30,5
LF:19
LH:19
BRDA:9,0,0,1
BRDA:9,0,1,4
BRDA:16,1,0,1
BRDA:16,1,1,2
BRDA:19,2,0,1
BRDA:19,2,1,1
BRF:6
BRH:6
end_of_record
TN:
SF:middleware\authUtilisateur.js
FN:7,verifAuthUtilisateur
FNF:1
FNH:1
FNDA:4,verifAuthUtilisateur
DA:1,4
DA:2,4
DA:3,4
DA:5,4
DA:8,4
DA:9,4
DA:11,4
DA:13,3
DA:14,3
DA:15,2
DA:17,2
DA:18,1
DA:21,1
DA:22,1
DA:23,1
DA:24,1
DA:26,1
DA:30,4
LF:18
LH:18
BRDA:9,0,0,4
BRDA:9,0,1,3
BRDA:11,1,0,1
BRDA:11,1,1,3
BRDA:17,2,0,1
BRDA:17,2,1,1
BRF:6
BRH:6
end_of_record
TN:
SF:middleware\autoriserAppareils.js
FN:5,autoriserAppareils
FNF:1
FNH:1
FNDA:5,autoriserAppareils
DA:2,5
DA:3,5
DA:6,5
DA:8,5
DA:9,5
DA:11,4
DA:15,4
DA:16,4
DA:18,3
DA:19,1
DA:20,2
DA:21,1
DA:23,1
DA:26,2
DA:28,1
DA:32,5
LF:16
LH:16
BRDA:9,0,0,1
BRDA:9,0,1,4
BRDA:11,1,0,3
BRDA:11,1,1,1
BRDA:18,2,0,1
BRDA:18,2,1,2
BRDA:20,3,0,1
BRDA:20,3,1,1
BRF:8
BRH:8
end_of_record
TN:
SF:middleware\upload.js
FN:5,(anonymous_0)
FN:8,(anonymous_1)
FNF:2
FNH:2
FNDA:1,(anonymous_0)
FNDA:1,(anonymous_1)
DA:1,4
DA:2,4
DA:4,4
DA:6,1
DA:9,1
DA:10,1
DA:11,1
DA:15,4
LF:8
LH:8
BRF:0
BRH:0
end_of_record
TN:
SF:models\appareilModel.js
FNF:0
FNH:0
DA:1,3
DA:3,3
DA:46,3
LF:3
LH:3
BRF:0
BRH:0
end_of_record
TN:
SF:models\consommationModel.js
FNF:0
FNH:0
DA:1,3
DA:3,3
DA:19,3
LF:3
LH:3
BRF:0
BRH:0
end_of_record
TN:
SF:models\multipriseModel.js
FNF:0
FNH:0
DA:1,6
DA:3,6
DA:33,6
LF:3
LH:3
BRF:0
BRH:0
end_of_record
TN:
SF:models\notificationModel.js
FNF:0
FNH:0
DA:3,3
DA:5,3
DA:14,3
LF:3
LH:3
BRF:0
BRH:0
end_of_record
TN:
SF:models\utilisateurModel.js
FN:24,(anonymous_0)
FNF:1
FNH:0
FNDA:0,(anonymous_0)
DA:3,5
DA:4,5
DA:7,5
DA:24,5
DA:25,0
DA:26,0
DA:27,0
DA:28,0
DA:31,5
LF:9
LH:5
BRDA:25,0,0,0
BRDA:25,0,1,0
BRF:2
BRH:0
end_of_record
TN:
SF:services\notificationsService.js
FN:18,(anonymous_0)
FN:38,(anonymous_1)
FN:52,(anonymous_2)
FNF:3
FNH:3
FNDA:4,(anonymous_0)
FNDA:2,(anonymous_1)
FNDA:2,(anonymous_2)
DA:1,2
DA:2,2
DA:3,2
DA:6,2
DA:18,2
DA:19,4
DA:20,4
DA:21,4
DA:27,2
DA:29,2
DA:36,2
DA:38,2
DA:39,2
DA:40,2
DA:45,1
DA:47,1
DA:50,2
DA:52,2
DA:53,2
DA:54,2
DA:56,0
DA:60,2
LF:22
LH:21
BRF:0
BRH:0
end_of_record
